::1 - - [29/Oct/2024:10:46:35 +0530] "GET / HTTP/1.1" 200 20373
::1 - - [29/Oct/2024:10:46:36 +0530] "GET /datatable/dataTable.bootstrap.min.css HTTP/1.1" 200 4187
::1 - - [29/Oct/2024:10:46:36 +0530] "GET /datatable/dataTable.bootstrap.min.js HTTP/1.1" 200 1972
::1 - - [29/Oct/2024:10:46:36 +0530] "GET /bootstrap/css/bootstrap.min.css HTTP/1.1" 200 121200
::1 - - [29/Oct/2024:10:46:36 +0530] "GET /datatable/jquery.dataTables.min.js HTTP/1.1" 200 83433
::1 - - [29/Oct/2024:10:46:36 +0530] "GET /bootstrap/js/bootstrap.min.js HTTP/1.1" 200 37045
::1 - - [29/Oct/2024:10:46:36 +0530] "GET /bootstrap/fonts/glyphicons-halflings-regular.woff2 HTTP/1.1" 200 18028
::1 - - [29/Oct/2024:10:46:36 +0530] "GET /jquery/jquery.min.js HTTP/1.1" 200 86927
::1 - - [29/Oct/2024:10:46:37 +0530] "GET /favicon.ico HTTP/1.1" 404 305
::1 - - [29/Oct/2024:10:52:21 +0530] "GET / HTTP/1.1" 200 20373
::1 - - [29/Oct/2024:10:52:31 +0530] "GET /1.html HTTP/1.1" 200 4395
::1 - - [29/Oct/2024:11:07:35 +0530] "GET /1.html HTTP/1.1" 200 5219
::1 - - [29/Oct/2024:11:10:12 +0530] "GET /2.html HTTP/1.1" 200 4729
::1 - - [29/Oct/2024:11:21:41 +0530] "GET /1.html HTTP/1.1" 200 4395
::1 - - [29/Oct/2024:11:33:32 +0530] "GET /individual_entry_form.php HTTP/1.1" 200 3993
::1 - - [29/Oct/2024:11:34:49 +0530] "GET /individual_entry_form.php HTTP/1.1" 200 3993
::1 - - [29/Oct/2024:11:34:57 +0530] "GET /add_modal.php HTTP/1.1" 200 1812
::1 - - [29/Oct/2024:11:35:11 +0530] "POST /add.php HTTP/1.1" 302 -
::1 - - [29/Oct/2024:11:35:11 +0530] "GET /index.php HTTP/1.1" 200 23832
::1 - - [29/Oct/2024:11:35:23 +0530] "GET /delete.php?id=0 HTTP/1.1" 302 -
::1 - - [29/Oct/2024:11:35:23 +0530] "GET /index.php HTTP/1.1" 200 20526
::1 - - [29/Oct/2024:11:35:58 +0530] "GET /print_pdf.php HTTP/1.1" 200 7683
::1 - - [29/Oct/2024:11:36:01 +0530] "GET /individual_entry_form.php HTTP/1.1" 200 3993
::1 - - [29/Oct/2024:11:36:23 +0530] "GET /individual_entry_form.php HTTP/1.1" 200 4002
::1 - - [29/Oct/2024:11:37:30 +0530] "GET /individual_entry_form.php HTTP/1.1" 200 4011
::1 - - [29/Oct/2024:11:37:44 +0530] "GET /individual_entry_form.php HTTP/1.1" 200 4013
::1 - - [29/Oct/2024:11:38:06 +0530] "GET /bootstrap/css/bootstrap.min.css.map HTTP/1.1" 200 542194
::1 - - [29/Oct/2024:11:39:11 +0530] "GET /individual_entry_form.php HTTP/1.1" 200 2190
::1 - - [29/Oct/2024:11:48:00 +0530] "GET /individual_entry_form_edit.php HTTP/1.1" 200 3115
::1 - - [29/Oct/2024:11:51:48 +0530] "GET /individual_entry_form_edit.php HTTP/1.1" 200 5106
::1 - - [29/Oct/2024:12:00:15 +0530] "GET /individual_entry_form.php HTTP/1.1" 200 35
::1 - - [29/Oct/2024:12:03:44 +0530] "GET /individual_entry_form.php HTTP/1.1" 200 2190
::1 - - [29/Oct/2024:12:03:48 +0530] "GET /individual_entry_form.php/0 HTTP/1.1" 200 2190
::1 - - [29/Oct/2024:12:03:48 +0530] "GET /individual_entry_form.php/bootstrap/css/bootstrap.min.css HTTP/1.1" 200 2190
::1 - - [29/Oct/2024:12:03:48 +0530] "GET /individual_entry_form.php/datatable/dataTable.bootstrap.min.css HTTP/1.1" 200 2190
::1 - - [29/Oct/2024:12:03:48 +0530] "GET /individual_entry_form.php/bootstrap/js/bootstrap.min.js HTTP/1.1" 200 2190
::1 - - [29/Oct/2024:12:03:48 +0530] "GET /individual_entry_form.php/datatable/jquery.dataTables.min.js HTTP/1.1" 200 2190
::1 - - [29/Oct/2024:12:03:48 +0530] "GET /individual_entry_form.php/jquery/jquery.min.js HTTP/1.1" 200 2190
::1 - - [29/Oct/2024:12:03:48 +0530] "GET /individual_entry_form.php/datatable/dataTable.bootstrap.min.js HTTP/1.1" 200 2190
::1 - - [29/Oct/2024:12:03:54 +0530] "GET /individual_entry_form.php/5 HTTP/1.1" 200 2190
::1 - - [29/Oct/2024:12:03:55 +0530] "GET /individual_entry_form.php/bootstrap/css/bootstrap.min.css HTTP/1.1" 200 2190
::1 - - [29/Oct/2024:12:03:55 +0530] "GET /individual_entry_form.php/datatable/dataTable.bootstrap.min.css HTTP/1.1" 200 2190
::1 - - [29/Oct/2024:12:03:55 +0530] "GET /individual_entry_form.php/jquery/jquery.min.js HTTP/1.1" 200 2190
::1 - - [29/Oct/2024:12:03:55 +0530] "GET /individual_entry_form.php/datatable/jquery.dataTables.min.js HTTP/1.1" 200 2190
::1 - - [29/Oct/2024:12:03:55 +0530] "GET /individual_entry_form.php/datatable/dataTable.bootstrap.min.js HTTP/1.1" 200 2190
::1 - - [29/Oct/2024:12:03:55 +0530] "GET /individual_entry_form.php/bootstrap/js/bootstrap.min.js HTTP/1.1" 200 2190
::1 - - [29/Oct/2024:12:03:59 +0530] "GET /individual_entry_form.php HTTP/1.1" 200 2190
::1 - - [29/Oct/2024:12:04:06 +0530] "GET /individual_entry_form_edit.php HTTP/1.1" 200 5106
::1 - - [29/Oct/2024:12:04:10 +0530] "GET /individual_entry_form_edit.php/5 HTTP/1.1" 200 5106
::1 - - [29/Oct/2024:12:04:10 +0530] "GET /individual_entry_form_edit.php/bootstrap/css/bootstrap.min.css HTTP/1.1" 200 5106
::1 - - [29/Oct/2024:12:04:10 +0530] "GET /individual_entry_form_edit.php/bootstrap/js/bootstrap.min.js HTTP/1.1" 200 5106
::1 - - [29/Oct/2024:12:04:10 +0530] "GET /individual_entry_form_edit.php/jquery/jquery.min.js HTTP/1.1" 200 5106
::1 - - [29/Oct/2024:12:04:17 +0530] "GET /individual_entry_form_edit.php/individual_entry_form.php HTTP/1.1" 200 5106
::1 - - [29/Oct/2024:12:04:17 +0530] "GET /individual_entry_form_edit.php/bootstrap/css/bootstrap.min.css HTTP/1.1" 200 5106
::1 - - [29/Oct/2024:12:04:17 +0530] "GET /individual_entry_form_edit.php/jquery/jquery.min.js HTTP/1.1" 200 5106
::1 - - [29/Oct/2024:12:04:17 +0530] "GET /individual_entry_form_edit.php/bootstrap/js/bootstrap.min.js HTTP/1.1" 200 5106
::1 - - [29/Oct/2024:12:04:20 +0530] "GET /individual_entry_form_edit.php/individual_entry_form.php HTTP/1.1" 200 5106
::1 - - [29/Oct/2024:12:04:20 +0530] "GET /individual_entry_form_edit.php/bootstrap/css/bootstrap.min.css HTTP/1.1" 200 5106
::1 - - [29/Oct/2024:12:04:20 +0530] "GET /individual_entry_form_edit.php/jquery/jquery.min.js HTTP/1.1" 200 5106
::1 - - [29/Oct/2024:12:04:20 +0530] "GET /individual_entry_form_edit.php/bootstrap/js/bootstrap.min.js HTTP/1.1" 200 5106
::1 - - [29/Oct/2024:12:04:20 +0530] "GET /individual_entry_form_edit.php/individual_entry_form.php HTTP/1.1" 200 5106
::1 - - [29/Oct/2024:12:04:20 +0530] "GET /individual_entry_form_edit.php/bootstrap/css/bootstrap.min.css HTTP/1.1" 200 5106
::1 - - [29/Oct/2024:12:04:20 +0530] "GET /individual_entry_form_edit.php/jquery/jquery.min.js HTTP/1.1" 200 5106
::1 - - [29/Oct/2024:12:04:20 +0530] "GET /individual_entry_form_edit.php/bootstrap/js/bootstrap.min.js HTTP/1.1" 200 5106
::1 - - [29/Oct/2024:12:04:21 +0530] "GET /individual_entry_form_edit.php/individual_entry_form.php HTTP/1.1" 200 5106
::1 - - [29/Oct/2024:12:04:21 +0530] "GET /individual_entry_form_edit.php/bootstrap/css/bootstrap.min.css HTTP/1.1" 200 5106
::1 - - [29/Oct/2024:12:04:21 +0530] "GET /individual_entry_form_edit.php/jquery/jquery.min.js HTTP/1.1" 200 5106
::1 - - [29/Oct/2024:12:04:21 +0530] "GET /individual_entry_form_edit.php/bootstrap/js/bootstrap.min.js HTTP/1.1" 200 5106
::1 - - [29/Oct/2024:12:04:21 +0530] "GET /individual_entry_form_edit.php/individual_entry_form.php HTTP/1.1" 200 5106
::1 - - [29/Oct/2024:12:04:21 +0530] "GET /individual_entry_form_edit.php/bootstrap/css/bootstrap.min.css HTTP/1.1" 200 5106
::1 - - [29/Oct/2024:12:04:21 +0530] "GET /individual_entry_form_edit.php/jquery/jquery.min.js HTTP/1.1" 200 5106
::1 - - [29/Oct/2024:12:04:21 +0530] "GET /individual_entry_form_edit.php/bootstrap/js/bootstrap.min.js HTTP/1.1" 200 5106
::1 - - [29/Oct/2024:12:04:21 +0530] "GET /individual_entry_form_edit.php/individual_entry_form.php HTTP/1.1" 200 5106
::1 - - [29/Oct/2024:12:04:21 +0530] "GET /individual_entry_form_edit.php/bootstrap/css/bootstrap.min.css HTTP/1.1" 200 5106
::1 - - [29/Oct/2024:12:04:21 +0530] "GET /individual_entry_form_edit.php/jquery/jquery.min.js HTTP/1.1" 200 5106
::1 - - [29/Oct/2024:12:04:21 +0530] "GET /individual_entry_form_edit.php/bootstrap/js/bootstrap.min.js HTTP/1.1" 200 5106
::1 - - [29/Oct/2024:12:04:22 +0530] "GET /individual_entry_form_edit.php/individual_entry_form.php HTTP/1.1" 200 5106
::1 - - [29/Oct/2024:12:04:22 +0530] "GET /individual_entry_form_edit.php/bootstrap/css/bootstrap.min.css HTTP/1.1" 200 5106
::1 - - [29/Oct/2024:12:04:22 +0530] "GET /individual_entry_form_edit.php/jquery/jquery.min.js HTTP/1.1" 200 5106
::1 - - [29/Oct/2024:12:04:22 +0530] "GET /individual_entry_form_edit.php/bootstrap/js/bootstrap.min.js HTTP/1.1" 200 5106
::1 - - [29/Oct/2024:12:04:25 +0530] "GET /individual_entry_form_edit.php/individual_entry_form.php HTTP/1.1" 200 5106
::1 - - [29/Oct/2024:12:04:25 +0530] "GET /individual_entry_form_edit.php/bootstrap/css/bootstrap.min.css HTTP/1.1" 200 5106
::1 - - [29/Oct/2024:12:04:25 +0530] "GET /individual_entry_form_edit.php/jquery/jquery.min.js HTTP/1.1" 200 5106
::1 - - [29/Oct/2024:12:04:25 +0530] "GET /individual_entry_form_edit.php/bootstrap/js/bootstrap.min.js HTTP/1.1" 200 5106
::1 - - [29/Oct/2024:13:05:01 +0530] "GET /individual_entry_form.php HTTP/1.1" 200 1012
::1 - - [29/Oct/2024:13:05:02 +0530] "GET /individual_entry_form.php HTTP/1.1" 200 1012
::1 - - [29/Oct/2024:13:06:57 +0530] "GET /individual_entry_form.php HTTP/1.1" 200 1207
::1 - - [29/Oct/2024:13:06:59 +0530] "GET /individual_entry_form.php HTTP/1.1" 200 1207
::1 - - [29/Oct/2024:13:06:59 +0530] "GET /individual_entry_form.php HTTP/1.1" 200 1207
::1 - - [29/Oct/2024:13:07:00 +0530] "GET /individual_entry_form.php HTTP/1.1" 200 1207
::1 - - [29/Oct/2024:13:07:00 +0530] "GET /individual_entry_form.php HTTP/1.1" 200 1207
::1 - - [29/Oct/2024:13:07:01 +0530] "GET /individual_entry_form.php HTTP/1.1" 200 1207
::1 - - [29/Oct/2024:13:07:01 +0530] "GET /individual_entry_form.php HTTP/1.1" 200 1207
::1 - - [29/Oct/2024:13:07:01 +0530] "GET /individual_entry_form.php HTTP/1.1" 200 1207
::1 - - [29/Oct/2024:13:07:01 +0530] "GET /individual_entry_form.php HTTP/1.1" 200 1207
::1 - - [29/Oct/2024:13:07:01 +0530] "GET /individual_entry_form.php HTTP/1.1" 200 1207
::1 - - [29/Oct/2024:13:07:01 +0530] "GET /individual_entry_form.php HTTP/1.1" 200 1207
::1 - - [29/Oct/2024:13:07:01 +0530] "GET /individual_entry_form.php HTTP/1.1" 200 1207
::1 - - [29/Oct/2024:13:07:02 +0530] "GET /individual_entry_form.php HTTP/1.1" 200 1207
::1 - - [29/Oct/2024:13:07:02 +0530] "GET /individual_entry_form.php HTTP/1.1" 200 1207
::1 - - [29/Oct/2024:13:07:03 +0530] "GET /individual_entry_form.php HTTP/1.1" 200 1207
::1 - - [29/Oct/2024:13:07:07 +0530] "GET /individual_entry_form.php HTTP/1.1" 200 1207
::1 - - [29/Oct/2024:13:07:07 +0530] "GET /individual_entry_form.php HTTP/1.1" 200 1207
::1 - - [29/Oct/2024:13:07:38 +0530] "GET /individual_entry_form.php/1 HTTP/1.1" 200 6287
::1 - - [29/Oct/2024:13:07:39 +0530] "GET /individual_entry_form.php/bootstrap/css/bootstrap.min.css HTTP/1.1" 200 1039
::1 - - [29/Oct/2024:13:07:39 +0530] "GET /individual_entry_form.php/datatable/dataTable.bootstrap.min.css HTTP/1.1" 200 1039
::1 - - [29/Oct/2024:13:07:39 +0530] "GET /individual_entry_form.php/jquery/jquery.min.js HTTP/1.1" 200 1036
::1 - - [29/Oct/2024:13:07:39 +0530] "GET /individual_entry_form.php/bootstrap/js/bootstrap.min.js HTTP/1.1" 200 1039
::1 - - [29/Oct/2024:13:07:39 +0530] "GET /individual_entry_form.php/datatable/jquery.dataTables.min.js HTTP/1.1" 200 1039
::1 - - [29/Oct/2024:13:07:39 +0530] "GET /individual_entry_form.php/datatable/dataTable.bootstrap.min.js HTTP/1.1" 200 1039
::1 - - [29/Oct/2024:13:07:39 +0530] "GET /individual_entry_form.php/jquery/jquery.min.js HTTP/1.1" 200 1036
::1 - - [29/Oct/2024:13:07:39 +0530] "GET /individual_entry_form.php/bootstrap/js/bootstrap.min.js HTTP/1.1" 200 1039
::1 - - [29/Oct/2024:13:08:46 +0530] "GET /individual_entry_form.php/1 HTTP/1.1" 200 2294
::1 - - [29/Oct/2024:13:08:46 +0530] "GET /individual_entry_form.php/bootstrap/css/bootstrap.min.css HTTP/1.1" 200 2302
::1 - - [29/Oct/2024:13:08:46 +0530] "GET /individual_entry_form.php/datatable/dataTable.bootstrap.min.css HTTP/1.1" 200 2302
::1 - - [29/Oct/2024:13:08:46 +0530] "GET /individual_entry_form.php/jquery/jquery.min.js HTTP/1.1" 200 2299
::1 - - [29/Oct/2024:13:08:46 +0530] "GET /individual_entry_form.php/bootstrap/js/bootstrap.min.js HTTP/1.1" 200 2302
::1 - - [29/Oct/2024:13:08:46 +0530] "GET /individual_entry_form.php/datatable/jquery.dataTables.min.js HTTP/1.1" 200 2302
::1 - - [29/Oct/2024:13:08:46 +0530] "GET /individual_entry_form.php/datatable/dataTable.bootstrap.min.js HTTP/1.1" 200 2302
::1 - - [29/Oct/2024:13:08:47 +0530] "GET /individual_entry_form.php/1 HTTP/1.1" 200 2294
::1 - - [29/Oct/2024:13:08:47 +0530] "GET /individual_entry_form.php/bootstrap/css/bootstrap.min.css HTTP/1.1" 200 2302
::1 - - [29/Oct/2024:13:08:47 +0530] "GET /individual_entry_form.php/datatable/dataTable.bootstrap.min.css HTTP/1.1" 200 2302
::1 - - [29/Oct/2024:13:08:47 +0530] "GET /individual_entry_form.php/jquery/jquery.min.js HTTP/1.1" 200 2299
::1 - - [29/Oct/2024:13:08:47 +0530] "GET /individual_entry_form.php/datatable/jquery.dataTables.min.js HTTP/1.1" 200 2302
::1 - - [29/Oct/2024:13:08:47 +0530] "GET /individual_entry_form.php/datatable/dataTable.bootstrap.min.js HTTP/1.1" 200 2302
::1 - - [29/Oct/2024:13:08:47 +0530] "GET /individual_entry_form.php/bootstrap/js/bootstrap.min.js HTTP/1.1" 200 2302
::1 - - [29/Oct/2024:13:08:47 +0530] "GET /individual_entry_form.php/1 HTTP/1.1" 200 2294
::1 - - [29/Oct/2024:13:08:47 +0530] "GET /individual_entry_form.php/bootstrap/css/bootstrap.min.css HTTP/1.1" 200 2302
::1 - - [29/Oct/2024:13:08:47 +0530] "GET /individual_entry_form.php/jquery/jquery.min.js HTTP/1.1" 200 2299
::1 - - [29/Oct/2024:13:08:47 +0530] "GET /individual_entry_form.php/bootstrap/js/bootstrap.min.js HTTP/1.1" 200 2302
::1 - - [29/Oct/2024:13:08:47 +0530] "GET /individual_entry_form.php/datatable/jquery.dataTables.min.js HTTP/1.1" 200 2302
::1 - - [29/Oct/2024:13:08:47 +0530] "GET /individual_entry_form.php/datatable/dataTable.bootstrap.min.js HTTP/1.1" 200 2302
::1 - - [29/Oct/2024:13:08:47 +0530] "GET /individual_entry_form.php/datatable/dataTable.bootstrap.min.css HTTP/1.1" 200 2302
::1 - - [29/Oct/2024:13:08:47 +0530] "GET /individual_entry_form.php/1 HTTP/1.1" 200 2294
::1 - - [29/Oct/2024:13:08:47 +0530] "GET /individual_entry_form.php/bootstrap/css/bootstrap.min.css HTTP/1.1" 200 2302
::1 - - [29/Oct/2024:13:08:47 +0530] "GET /individual_entry_form.php/datatable/dataTable.bootstrap.min.css HTTP/1.1" 200 2302
::1 - - [29/Oct/2024:13:08:47 +0530] "GET /individual_entry_form.php/jquery/jquery.min.js HTTP/1.1" 200 2299
::1 - - [29/Oct/2024:13:08:47 +0530] "GET /individual_entry_form.php/bootstrap/js/bootstrap.min.js HTTP/1.1" 200 2302
::1 - - [29/Oct/2024:13:08:47 +0530] "GET /individual_entry_form.php/datatable/jquery.dataTables.min.js HTTP/1.1" 200 2302
::1 - - [29/Oct/2024:13:08:47 +0530] "GET /individual_entry_form.php/datatable/dataTable.bootstrap.min.js HTTP/1.1" 200 2302
::1 - - [29/Oct/2024:13:08:48 +0530] "GET /individual_entry_form.php/1 HTTP/1.1" 200 2294
::1 - - [29/Oct/2024:13:08:48 +0530] "GET /individual_entry_form.php/bootstrap/css/bootstrap.min.css HTTP/1.1" 200 2302
::1 - - [29/Oct/2024:13:08:48 +0530] "GET /individual_entry_form.php/datatable/dataTable.bootstrap.min.css HTTP/1.1" 200 2302
::1 - - [29/Oct/2024:13:08:48 +0530] "GET /individual_entry_form.php/jquery/jquery.min.js HTTP/1.1" 200 2299
::1 - - [29/Oct/2024:13:08:48 +0530] "GET /individual_entry_form.php/bootstrap/js/bootstrap.min.js HTTP/1.1" 200 2302
::1 - - [29/Oct/2024:13:08:48 +0530] "GET /individual_entry_form.php/datatable/jquery.dataTables.min.js HTTP/1.1" 200 2302
::1 - - [29/Oct/2024:13:08:48 +0530] "GET /individual_entry_form.php/datatable/dataTable.bootstrap.min.js HTTP/1.1" 200 2302
::1 - - [29/Oct/2024:13:08:48 +0530] "GET /individual_entry_form.php/1 HTTP/1.1" 200 2294
::1 - - [29/Oct/2024:13:08:48 +0530] "GET /individual_entry_form.php/bootstrap/css/bootstrap.min.css HTTP/1.1" 200 2302
::1 - - [29/Oct/2024:13:08:48 +0530] "GET /individual_entry_form.php/datatable/dataTable.bootstrap.min.css HTTP/1.1" 200 2302
::1 - - [29/Oct/2024:13:08:48 +0530] "GET /individual_entry_form.php/jquery/jquery.min.js HTTP/1.1" 200 2299
::1 - - [29/Oct/2024:13:08:48 +0530] "GET /individual_entry_form.php/bootstrap/js/bootstrap.min.js HTTP/1.1" 200 2302
::1 - - [29/Oct/2024:13:08:48 +0530] "GET /individual_entry_form.php/datatable/jquery.dataTables.min.js HTTP/1.1" 200 2302
::1 - - [29/Oct/2024:13:08:48 +0530] "GET /individual_entry_form.php/datatable/dataTable.bootstrap.min.js HTTP/1.1" 200 2302
::1 - - [29/Oct/2024:13:08:48 +0530] "GET /individual_entry_form.php/1 HTTP/1.1" 200 2294
::1 - - [29/Oct/2024:13:08:48 +0530] "GET /individual_entry_form.php/bootstrap/css/bootstrap.min.css HTTP/1.1" 200 2302
::1 - - [29/Oct/2024:13:08:48 +0530] "GET /individual_entry_form.php/datatable/dataTable.bootstrap.min.css HTTP/1.1" 200 2302
::1 - - [29/Oct/2024:13:08:48 +0530] "GET /individual_entry_form.php/jquery/jquery.min.js HTTP/1.1" 200 2299
::1 - - [29/Oct/2024:13:08:48 +0530] "GET /individual_entry_form.php/bootstrap/js/bootstrap.min.js HTTP/1.1" 200 2302
::1 - - [29/Oct/2024:13:08:48 +0530] "GET /individual_entry_form.php/datatable/jquery.dataTables.min.js HTTP/1.1" 200 2302
::1 - - [29/Oct/2024:13:08:48 +0530] "GET /individual_entry_form.php/datatable/dataTable.bootstrap.min.js HTTP/1.1" 200 2302
::1 - - [29/Oct/2024:13:08:48 +0530] "GET /individual_entry_form.php/1 HTTP/1.1" 200 2294
::1 - - [29/Oct/2024:13:08:48 +0530] "GET /individual_entry_form.php/bootstrap/css/bootstrap.min.css HTTP/1.1" 200 2302
::1 - - [29/Oct/2024:13:08:48 +0530] "GET /individual_entry_form.php/datatable/dataTable.bootstrap.min.css HTTP/1.1" 200 2302
::1 - - [29/Oct/2024:13:08:48 +0530] "GET /individual_entry_form.php/jquery/jquery.min.js HTTP/1.1" 200 2299
::1 - - [29/Oct/2024:13:08:48 +0530] "GET /individual_entry_form.php/bootstrap/js/bootstrap.min.js HTTP/1.1" 200 2302
::1 - - [29/Oct/2024:13:08:48 +0530] "GET /individual_entry_form.php/datatable/jquery.dataTables.min.js HTTP/1.1" 200 2302
::1 - - [29/Oct/2024:13:08:48 +0530] "GET /individual_entry_form.php/datatable/dataTable.bootstrap.min.js HTTP/1.1" 200 2302
::1 - - [29/Oct/2024:13:08:49 +0530] "GET /individual_entry_form.php/1 HTTP/1.1" 200 2294
::1 - - [29/Oct/2024:13:08:49 +0530] "GET /individual_entry_form.php/bootstrap/css/bootstrap.min.css HTTP/1.1" 200 2302
::1 - - [29/Oct/2024:13:08:49 +0530] "GET /individual_entry_form.php/datatable/dataTable.bootstrap.min.css HTTP/1.1" 200 2302
::1 - - [29/Oct/2024:13:08:49 +0530] "GET /individual_entry_form.php/jquery/jquery.min.js HTTP/1.1" 200 2299
::1 - - [29/Oct/2024:13:08:49 +0530] "GET /individual_entry_form.php/bootstrap/js/bootstrap.min.js HTTP/1.1" 200 2302
::1 - - [29/Oct/2024:13:08:49 +0530] "GET /individual_entry_form.php/datatable/jquery.dataTables.min.js HTTP/1.1" 200 2302
::1 - - [29/Oct/2024:13:08:49 +0530] "GET /individual_entry_form.php/datatable/dataTable.bootstrap.min.js HTTP/1.1" 200 2302
::1 - - [29/Oct/2024:13:08:49 +0530] "GET /individual_entry_form.php/1 HTTP/1.1" 200 2294
::1 - - [29/Oct/2024:13:08:49 +0530] "GET /individual_entry_form.php/bootstrap/css/bootstrap.min.css HTTP/1.1" 200 2302
::1 - - [29/Oct/2024:13:08:49 +0530] "GET /individual_entry_form.php/datatable/dataTable.bootstrap.min.css HTTP/1.1" 200 2302
::1 - - [29/Oct/2024:13:08:49 +0530] "GET /individual_entry_form.php/bootstrap/js/bootstrap.min.js HTTP/1.1" 200 2302
::1 - - [29/Oct/2024:13:08:49 +0530] "GET /individual_entry_form.php/jquery/jquery.min.js HTTP/1.1" 200 2299
::1 - - [29/Oct/2024:13:08:50 +0530] "GET /individual_entry_form.php/datatable/jquery.dataTables.min.js HTTP/1.1" 200 2302
::1 - - [29/Oct/2024:13:08:50 +0530] "GET /individual_entry_form.php/datatable/dataTable.bootstrap.min.js HTTP/1.1" 200 2302
::1 - - [29/Oct/2024:13:08:50 +0530] "GET /individual_entry_form.php/1 HTTP/1.1" 200 2294
::1 - - [29/Oct/2024:13:08:50 +0530] "GET /individual_entry_form.php/bootstrap/css/bootstrap.min.css HTTP/1.1" 200 2302
::1 - - [29/Oct/2024:13:08:50 +0530] "GET /individual_entry_form.php/datatable/dataTable.bootstrap.min.css HTTP/1.1" 200 2302
::1 - - [29/Oct/2024:13:08:50 +0530] "GET /individual_entry_form.php/jquery/jquery.min.js HTTP/1.1" 200 2299
::1 - - [29/Oct/2024:13:08:50 +0530] "GET /individual_entry_form.php/bootstrap/js/bootstrap.min.js HTTP/1.1" 200 2302
::1 - - [29/Oct/2024:13:08:50 +0530] "GET /individual_entry_form.php/datatable/jquery.dataTables.min.js HTTP/1.1" 200 2302
::1 - - [29/Oct/2024:13:08:50 +0530] "GET /individual_entry_form.php/datatable/dataTable.bootstrap.min.js HTTP/1.1" 200 2302
::1 - - [29/Oct/2024:13:08:50 +0530] "GET /individual_entry_form.php/1 HTTP/1.1" 200 2294
::1 - - [29/Oct/2024:13:08:50 +0530] "GET /individual_entry_form.php/bootstrap/css/bootstrap.min.css HTTP/1.1" 200 2302
::1 - - [29/Oct/2024:13:08:50 +0530] "GET /individual_entry_form.php/datatable/dataTable.bootstrap.min.css HTTP/1.1" 200 2302
::1 - - [29/Oct/2024:13:08:50 +0530] "GET /individual_entry_form.php/jquery/jquery.min.js HTTP/1.1" 200 2299
::1 - - [29/Oct/2024:13:08:50 +0530] "GET /individual_entry_form.php/bootstrap/js/bootstrap.min.js HTTP/1.1" 200 2302
::1 - - [29/Oct/2024:13:08:50 +0530] "GET /individual_entry_form.php/datatable/jquery.dataTables.min.js HTTP/1.1" 200 2302
::1 - - [29/Oct/2024:13:08:50 +0530] "GET /individual_entry_form.php/datatable/dataTable.bootstrap.min.js HTTP/1.1" 200 2302
::1 - - [29/Oct/2024:13:08:50 +0530] "GET /individual_entry_form.php/1 HTTP/1.1" 200 2294
::1 - - [29/Oct/2024:13:08:50 +0530] "GET /individual_entry_form.php/bootstrap/css/bootstrap.min.css HTTP/1.1" 200 2302
::1 - - [29/Oct/2024:13:08:50 +0530] "GET /individual_entry_form.php/datatable/dataTable.bootstrap.min.css HTTP/1.1" 200 2302
::1 - - [29/Oct/2024:13:08:50 +0530] "GET /individual_entry_form.php/jquery/jquery.min.js HTTP/1.1" 200 2299
::1 - - [29/Oct/2024:13:08:50 +0530] "GET /individual_entry_form.php/bootstrap/js/bootstrap.min.js HTTP/1.1" 200 2302
::1 - - [29/Oct/2024:13:08:50 +0530] "GET /individual_entry_form.php/datatable/jquery.dataTables.min.js HTTP/1.1" 200 2302
::1 - - [29/Oct/2024:13:08:50 +0530] "GET /individual_entry_form.php/datatable/dataTable.bootstrap.min.js HTTP/1.1" 200 2302
::1 - - [29/Oct/2024:13:08:51 +0530] "GET /individual_entry_form.php/1 HTTP/1.1" 200 2294
::1 - - [29/Oct/2024:13:08:51 +0530] "GET /individual_entry_form.php/datatable/dataTable.bootstrap.min.css HTTP/1.1" 200 2302
::1 - - [29/Oct/2024:13:08:51 +0530] "GET /individual_entry_form.php/bootstrap/css/bootstrap.min.css HTTP/1.1" 200 2302
::1 - - [29/Oct/2024:13:08:51 +0530] "GET /individual_entry_form.php/jquery/jquery.min.js HTTP/1.1" 200 2299
::1 - - [29/Oct/2024:13:08:51 +0530] "GET /individual_entry_form.php/bootstrap/js/bootstrap.min.js HTTP/1.1" 200 2302
::1 - - [29/Oct/2024:13:08:51 +0530] "GET /individual_entry_form.php/datatable/jquery.dataTables.min.js HTTP/1.1" 200 2302
::1 - - [29/Oct/2024:13:08:51 +0530] "GET /individual_entry_form.php/datatable/dataTable.bootstrap.min.js HTTP/1.1" 200 2302
::1 - - [29/Oct/2024:13:08:51 +0530] "GET /individual_entry_form.php/1 HTTP/1.1" 200 2294
::1 - - [29/Oct/2024:13:08:51 +0530] "GET /individual_entry_form.php/bootstrap/css/bootstrap.min.css HTTP/1.1" 200 2302
::1 - - [29/Oct/2024:13:08:51 +0530] "GET /individual_entry_form.php/datatable/dataTable.bootstrap.min.css HTTP/1.1" 200 2302
::1 - - [29/Oct/2024:13:08:51 +0530] "GET /individual_entry_form.php/jquery/jquery.min.js HTTP/1.1" 200 2299
::1 - - [29/Oct/2024:13:08:51 +0530] "GET /individual_entry_form.php/bootstrap/js/bootstrap.min.js HTTP/1.1" 200 2302
::1 - - [29/Oct/2024:13:08:51 +0530] "GET /individual_entry_form.php/datatable/jquery.dataTables.min.js HTTP/1.1" 200 2302
::1 - - [29/Oct/2024:13:08:51 +0530] "GET /individual_entry_form.php/datatable/dataTable.bootstrap.min.js HTTP/1.1" 200 2302
::1 - - [29/Oct/2024:13:08:51 +0530] "GET /individual_entry_form.php/1 HTTP/1.1" 200 2294
::1 - - [29/Oct/2024:13:08:51 +0530] "GET /individual_entry_form.php/bootstrap/css/bootstrap.min.css HTTP/1.1" 200 2302
::1 - - [29/Oct/2024:13:08:51 +0530] "GET /individual_entry_form.php/datatable/dataTable.bootstrap.min.css HTTP/1.1" 200 2302
::1 - - [29/Oct/2024:13:08:51 +0530] "GET /individual_entry_form.php/jquery/jquery.min.js HTTP/1.1" 200 2299
::1 - - [29/Oct/2024:13:08:51 +0530] "GET /individual_entry_form.php/bootstrap/js/bootstrap.min.js HTTP/1.1" 200 2302
::1 - - [29/Oct/2024:13:08:51 +0530] "GET /individual_entry_form.php/datatable/jquery.dataTables.min.js HTTP/1.1" 200 2302
::1 - - [29/Oct/2024:13:08:51 +0530] "GET /individual_entry_form.php/datatable/dataTable.bootstrap.min.js HTTP/1.1" 200 2302
::1 - - [29/Oct/2024:13:08:51 +0530] "GET /individual_entry_form.php/1 HTTP/1.1" 200 2294
::1 - - [29/Oct/2024:13:08:51 +0530] "GET /individual_entry_form.php/bootstrap/css/bootstrap.min.css HTTP/1.1" 200 2302
::1 - - [29/Oct/2024:13:08:51 +0530] "GET /individual_entry_form.php/datatable/dataTable.bootstrap.min.css HTTP/1.1" 200 2302
::1 - - [29/Oct/2024:13:08:51 +0530] "GET /individual_entry_form.php/jquery/jquery.min.js HTTP/1.1" 200 2299
::1 - - [29/Oct/2024:13:08:51 +0530] "GET /individual_entry_form.php/bootstrap/js/bootstrap.min.js HTTP/1.1" 200 2302
::1 - - [29/Oct/2024:13:08:51 +0530] "GET /individual_entry_form.php/datatable/jquery.dataTables.min.js HTTP/1.1" 200 2302
::1 - - [29/Oct/2024:13:08:51 +0530] "GET /individual_entry_form.php/datatable/dataTable.bootstrap.min.js HTTP/1.1" 200 2302
::1 - - [29/Oct/2024:13:09:11 +0530] "GET /individual_entry_form.php/1 HTTP/1.1" 200 2293
::1 - - [29/Oct/2024:13:09:11 +0530] "GET /individual_entry_form.php/bootstrap/css/bootstrap.min.css HTTP/1.1" 200 2293
::1 - - [29/Oct/2024:13:09:11 +0530] "GET /individual_entry_form.php/datatable/dataTable.bootstrap.min.css HTTP/1.1" 200 2293
::1 - - [29/Oct/2024:13:09:11 +0530] "GET /individual_entry_form.php/bootstrap/js/bootstrap.min.js HTTP/1.1" 200 2293
::1 - - [29/Oct/2024:13:09:11 +0530] "GET /individual_entry_form.php/datatable/jquery.dataTables.min.js HTTP/1.1" 200 2293
::1 - - [29/Oct/2024:13:09:11 +0530] "GET /individual_entry_form.php/jquery/jquery.min.js HTTP/1.1" 200 2293
::1 - - [29/Oct/2024:13:09:11 +0530] "GET /individual_entry_form.php/datatable/dataTable.bootstrap.min.js HTTP/1.1" 200 2293
::1 - - [29/Oct/2024:13:09:52 +0530] "GET /individual_entry_form.php/1 HTTP/1.1" 200 1063
::1 - - [29/Oct/2024:13:09:52 +0530] "GET /individual_entry_form.php/bootstrap/css/bootstrap.min.css HTTP/1.1" 200 1071
::1 - - [29/Oct/2024:13:09:52 +0530] "GET /individual_entry_form.php/datatable/dataTable.bootstrap.min.css HTTP/1.1" 200 1071
::1 - - [29/Oct/2024:13:09:52 +0530] "GET /individual_entry_form.php/bootstrap/js/bootstrap.min.js HTTP/1.1" 200 1071
::1 - - [29/Oct/2024:13:09:52 +0530] "GET /individual_entry_form.php/datatable/jquery.dataTables.min.js HTTP/1.1" 200 1071
::1 - - [29/Oct/2024:13:09:52 +0530] "GET /individual_entry_form.php/datatable/dataTable.bootstrap.min.js HTTP/1.1" 200 1071
::1 - - [29/Oct/2024:13:09:52 +0530] "GET /individual_entry_form.php/jquery/jquery.min.js HTTP/1.1" 200 1068
::1 - - [29/Oct/2024:13:10:27 +0530] "GET /individual_entry_form.php/1 HTTP/1.1" 200 6287
::1 - - [29/Oct/2024:13:10:27 +0530] "GET /individual_entry_form.php/bootstrap/css/bootstrap.min.css HTTP/1.1" 200 1039
::1 - - [29/Oct/2024:13:10:27 +0530] "GET /individual_entry_form.php/datatable/dataTable.bootstrap.min.css HTTP/1.1" 200 1039
::1 - - [29/Oct/2024:13:10:27 +0530] "GET /individual_entry_form.php/jquery/jquery.min.js HTTP/1.1" 200 1036
::1 - - [29/Oct/2024:13:10:27 +0530] "GET /individual_entry_form.php/datatable/jquery.dataTables.min.js HTTP/1.1" 200 1039
::1 - - [29/Oct/2024:13:10:27 +0530] "GET /individual_entry_form.php/datatable/dataTable.bootstrap.min.js HTTP/1.1" 200 1039
::1 - - [29/Oct/2024:13:10:27 +0530] "GET /individual_entry_form.php/bootstrap/css/bootstrap.min.css HTTP/1.1" 200 1039
::1 - - [29/Oct/2024:13:10:27 +0530] "GET /individual_entry_form.php/bootstrap/js/bootstrap.min.js HTTP/1.1" 200 1039
::1 - - [29/Oct/2024:13:10:27 +0530] "GET /individual_entry_form.php/jquery/jquery.min.js HTTP/1.1" 200 1036
::1 - - [29/Oct/2024:13:10:27 +0530] "GET /individual_entry_form.php/bootstrap/js/bootstrap.min.js HTTP/1.1" 200 1039
::1 - - [29/Oct/2024:13:10:32 +0530] "GET /individual_entry_form.php/0 HTTP/1.1" 200 6287
::1 - - [29/Oct/2024:13:10:32 +0530] "GET /individual_entry_form.php/bootstrap/css/bootstrap.min.css HTTP/1.1" 200 1039
::1 - - [29/Oct/2024:13:10:32 +0530] "GET /individual_entry_form.php/datatable/dataTable.bootstrap.min.css HTTP/1.1" 200 1039
::1 - - [29/Oct/2024:13:10:32 +0530] "GET /individual_entry_form.php/jquery/jquery.min.js HTTP/1.1" 200 1036
::1 - - [29/Oct/2024:13:10:32 +0530] "GET /individual_entry_form.php/bootstrap/js/bootstrap.min.js HTTP/1.1" 200 1039
::1 - - [29/Oct/2024:13:10:32 +0530] "GET /individual_entry_form.php/datatable/jquery.dataTables.min.js HTTP/1.1" 200 1039
::1 - - [29/Oct/2024:13:10:32 +0530] "GET /individual_entry_form.php/datatable/dataTable.bootstrap.min.js HTTP/1.1" 200 1039
::1 - - [29/Oct/2024:13:10:32 +0530] "GET /individual_entry_form.php/bootstrap/css/bootstrap.min.css HTTP/1.1" 200 1039
::1 - - [29/Oct/2024:13:10:32 +0530] "GET /individual_entry_form.php/jquery/jquery.min.js HTTP/1.1" 200 1036
::1 - - [29/Oct/2024:13:10:32 +0530] "GET /individual_entry_form.php/bootstrap/js/bootstrap.min.js HTTP/1.1" 200 1039
::1 - - [29/Oct/2024:13:10:34 +0530] "GET /individual_entry_form.php HTTP/1.1" 200 2438
::1 - - [29/Oct/2024:13:10:34 +0530] "GET /individual_entry_form.php HTTP/1.1" 200 2438
::1 - - [29/Oct/2024:13:11:42 +0530] "GET /individual_entry_form.php HTTP/1.1" 200 2243
::1 - - [29/Oct/2024:13:11:45 +0530] "GET /individual_entry_form.php/0 HTTP/1.1" 200 6236
::1 - - [29/Oct/2024:13:11:46 +0530] "GET /individual_entry_form.php/bootstrap/css/bootstrap.min.css HTTP/1.1" 200 980
::1 - - [29/Oct/2024:13:11:46 +0530] "GET /individual_entry_form.php/datatable/dataTable.bootstrap.min.css HTTP/1.1" 200 980
::1 - - [29/Oct/2024:13:11:46 +0530] "GET /individual_entry_form.php/jquery/jquery.min.js HTTP/1.1" 200 980
::1 - - [29/Oct/2024:13:11:46 +0530] "GET /individual_entry_form.php/bootstrap/js/bootstrap.min.js HTTP/1.1" 200 980
::1 - - [29/Oct/2024:13:11:46 +0530] "GET /individual_entry_form.php/datatable/jquery.dataTables.min.js HTTP/1.1" 200 980
::1 - - [29/Oct/2024:13:11:46 +0530] "GET /individual_entry_form.php/datatable/dataTable.bootstrap.min.js HTTP/1.1" 200 980
::1 - - [29/Oct/2024:13:11:46 +0530] "GET /individual_entry_form.php/bootstrap/css/bootstrap.min.css HTTP/1.1" 200 980
::1 - - [29/Oct/2024:13:11:46 +0530] "GET /individual_entry_form.php/jquery/jquery.min.js HTTP/1.1" 200 980
::1 - - [29/Oct/2024:13:11:46 +0530] "GET /individual_entry_form.php/bootstrap/js/bootstrap.min.js HTTP/1.1" 200 980
::1 - - [29/Oct/2024:13:11:50 +0530] "GET /individual_entry_form.php/1 HTTP/1.1" 200 6236
::1 - - [29/Oct/2024:13:11:50 +0530] "GET /individual_entry_form.php/bootstrap/css/bootstrap.min.css HTTP/1.1" 200 980
::1 - - [29/Oct/2024:13:11:50 +0530] "GET /individual_entry_form.php/datatable/dataTable.bootstrap.min.css HTTP/1.1" 200 980
::1 - - [29/Oct/2024:13:11:50 +0530] "GET /individual_entry_form.php/jquery/jquery.min.js HTTP/1.1" 200 980
::1 - - [29/Oct/2024:13:11:50 +0530] "GET /individual_entry_form.php/bootstrap/js/bootstrap.min.js HTTP/1.1" 200 980
::1 - - [29/Oct/2024:13:11:50 +0530] "GET /individual_entry_form.php/datatable/dataTable.bootstrap.min.js HTTP/1.1" 200 980
::1 - - [29/Oct/2024:13:11:50 +0530] "GET /individual_entry_form.php/datatable/jquery.dataTables.min.js HTTP/1.1" 200 980
::1 - - [29/Oct/2024:13:11:50 +0530] "GET /individual_entry_form.php/jquery/jquery.min.js HTTP/1.1" 200 980
::1 - - [29/Oct/2024:13:11:50 +0530] "GET /individual_entry_form.php/bootstrap/js/bootstrap.min.js HTTP/1.1" 200 980
::1 - - [29/Oct/2024:13:11:53 +0530] "GET /individual_entry_form.php HTTP/1.1" 200 2243
::1 - - [29/Oct/2024:13:11:53 +0530] "GET /individual_entry_form.php HTTP/1.1" 200 2243
::1 - - [29/Oct/2024:13:12:52 +0530] "GET /individual_entry_form.php HTTP/1.1" 200 2243
::1 - - [29/Oct/2024:13:12:55 +0530] "GET /individual_entry_form.php/1 HTTP/1.1" 200 5714
::1 - - [29/Oct/2024:13:12:55 +0530] "GET /individual_entry_form.php/bootstrap/css/bootstrap.min.css HTTP/1.1" 200 980
::1 - - [29/Oct/2024:13:12:55 +0530] "GET /individual_entry_form.php/datatable/dataTable.bootstrap.min.css HTTP/1.1" 200 980
::1 - - [29/Oct/2024:13:12:55 +0530] "GET /individual_entry_form.php/jquery/jquery.min.js HTTP/1.1" 200 980
::1 - - [29/Oct/2024:13:12:55 +0530] "GET /individual_entry_form.php/datatable/jquery.dataTables.min.js HTTP/1.1" 200 980
::1 - - [29/Oct/2024:13:12:55 +0530] "GET /individual_entry_form.php/bootstrap/js/bootstrap.min.js HTTP/1.1" 200 980
::1 - - [29/Oct/2024:13:12:55 +0530] "GET /individual_entry_form.php/datatable/dataTable.bootstrap.min.js HTTP/1.1" 200 980
::1 - - [29/Oct/2024:13:14:37 +0530] "GET /individual_entry_form.php HTTP/1.1" 200 5815
::1 - - [29/Oct/2024:13:14:53 +0530] "GET /individual_entry_form.php/1 HTTP/1.1" 200 5714
::1 - - [29/Oct/2024:13:14:53 +0530] "GET /individual_entry_form.php/bootstrap/css/bootstrap.min.css HTTP/1.1" 200 980
::1 - - [29/Oct/2024:13:14:53 +0530] "GET /individual_entry_form.php/datatable/dataTable.bootstrap.min.css HTTP/1.1" 200 980
::1 - - [29/Oct/2024:13:14:53 +0530] "GET /individual_entry_form.php/jquery/jquery.min.js HTTP/1.1" 200 980
::1 - - [29/Oct/2024:13:14:53 +0530] "GET /individual_entry_form.php/bootstrap/js/bootstrap.min.js HTTP/1.1" 200 980
::1 - - [29/Oct/2024:13:14:53 +0530] "GET /individual_entry_form.php/datatable/jquery.dataTables.min.js HTTP/1.1" 200 980
::1 - - [29/Oct/2024:13:14:53 +0530] "GET /individual_entry_form.php/datatable/dataTable.bootstrap.min.js HTTP/1.1" 200 980
::1 - - [29/Oct/2024:13:14:54 +0530] "GET /individual_entry_form.php/1 HTTP/1.1" 200 5714
::1 - - [29/Oct/2024:13:14:54 +0530] "GET /individual_entry_form.php/datatable/dataTable.bootstrap.min.css HTTP/1.1" 200 980
::1 - - [29/Oct/2024:13:14:54 +0530] "GET /individual_entry_form.php/bootstrap/css/bootstrap.min.css HTTP/1.1" 200 980
::1 - - [29/Oct/2024:13:14:54 +0530] "GET /individual_entry_form.php/jquery/jquery.min.js HTTP/1.1" 200 980
::1 - - [29/Oct/2024:13:14:54 +0530] "GET /individual_entry_form.php/datatable/jquery.dataTables.min.js HTTP/1.1" 200 980
::1 - - [29/Oct/2024:13:14:54 +0530] "GET /individual_entry_form.php/datatable/dataTable.bootstrap.min.js HTTP/1.1" 200 980
::1 - - [29/Oct/2024:13:14:54 +0530] "GET /individual_entry_form.php/bootstrap/js/bootstrap.min.js HTTP/1.1" 200 980
::1 - - [29/Oct/2024:13:16:13 +0530] "GET /individual_entry_form HTTP/1.1" 200 5815
::1 - - [29/Oct/2024:13:16:19 +0530] "GET /individual_entry_form/1 HTTP/1.1" 500 642
::1 - - [29/Oct/2024:13:16:40 +0530] "GET /individual_entry_form/1 HTTP/1.1" 500 642
::1 - - [29/Oct/2024:13:16:41 +0530] "GET /individual_entry_form/1 HTTP/1.1" 500 642
::1 - - [29/Oct/2024:13:16:55 +0530] "GET /individual_entry_form/1 HTTP/1.1" 500 642
::1 - - [29/Oct/2024:13:16:56 +0530] "GET /individual_entry_form/1 HTTP/1.1" 500 642
::1 - - [29/Oct/2024:13:16:56 +0530] "GET /individual_entry_form/1 HTTP/1.1" 500 642
::1 - - [29/Oct/2024:13:16:56 +0530] "GET /individual_entry_form/1 HTTP/1.1" 500 642
::1 - - [29/Oct/2024:13:16:58 +0530] "GET /individual_entry_form HTTP/1.1" 200 5816
::1 - - [29/Oct/2024:13:17:07 +0530] "GET /individual_entry_form HTTP/1.1" 200 173
::1 - - [29/Oct/2024:13:17:13 +0530] "GET /individual_entry_form HTTP/1.1" 200 456
::1 - - [29/Oct/2024:13:17:18 +0530] "GET /individual_entry_form/2 HTTP/1.1" 500 642
::1 - - [29/Oct/2024:13:19:11 +0530] "GET /individual_entry_form/2 HTTP/1.1" 200 456
::1 - - [29/Oct/2024:13:19:11 +0530] "GET /individual_entry_form/bootstrap/css/bootstrap.min.css HTTP/1.1" 200 456
::1 - - [29/Oct/2024:13:19:11 +0530] "GET /individual_entry_form/datatable/dataTable.bootstrap.min.css HTTP/1.1" 200 456
::1 - - [29/Oct/2024:13:19:19 +0530] "GET /individual_entry_form/2 HTTP/1.1" 404 509
::1 - - [29/Oct/2024:13:19:19 +0530] "GET /individual_entry_form/bootstrap/css/bootstrap.min.css HTTP/1.1" 404 509
::1 - - [29/Oct/2024:13:19:19 +0530] "GET /individual_entry_form/datatable/dataTable.bootstrap.min.css HTTP/1.1" 404 509
::1 - - [29/Oct/2024:13:19:20 +0530] "GET /individual_entry_form/2 HTTP/1.1" 404 509
::1 - - [29/Oct/2024:13:19:20 +0530] "GET /individual_entry_form/bootstrap/css/bootstrap.min.css HTTP/1.1" 404 509
::1 - - [29/Oct/2024:13:19:20 +0530] "GET /individual_entry_form/datatable/dataTable.bootstrap.min.css HTTP/1.1" 404 509
::1 - - [29/Oct/2024:13:19:21 +0530] "GET /individual_entry_form/2 HTTP/1.1" 404 509
::1 - - [29/Oct/2024:13:19:21 +0530] "GET /individual_entry_form/bootstrap/css/bootstrap.min.css HTTP/1.1" 404 509
::1 - - [29/Oct/2024:13:19:21 +0530] "GET /individual_entry_form/datatable/dataTable.bootstrap.min.css HTTP/1.1" 404 509
::1 - - [29/Oct/2024:13:19:21 +0530] "GET /individual_entry_form/2 HTTP/1.1" 404 509
::1 - - [29/Oct/2024:13:19:21 +0530] "GET /individual_entry_form/bootstrap/css/bootstrap.min.css HTTP/1.1" 404 509
::1 - - [29/Oct/2024:13:19:21 +0530] "GET /individual_entry_form/datatable/dataTable.bootstrap.min.css HTTP/1.1" 404 509
::1 - - [29/Oct/2024:13:19:21 +0530] "GET /individual_entry_form/2 HTTP/1.1" 404 509
::1 - - [29/Oct/2024:13:19:21 +0530] "GET /individual_entry_form/bootstrap/css/bootstrap.min.css HTTP/1.1" 404 509
::1 - - [29/Oct/2024:13:19:21 +0530] "GET /individual_entry_form/datatable/dataTable.bootstrap.min.css HTTP/1.1" 404 509
::1 - - [29/Oct/2024:13:19:23 +0530] "GET /individual_entry_form HTTP/1.1" 404 305
::1 - - [29/Oct/2024:13:19:25 +0530] "GET /individual_entry_form HTTP/1.1" 404 305
::1 - - [29/Oct/2024:13:19:25 +0530] "GET /individual_entry_form HTTP/1.1" 404 305
::1 - - [29/Oct/2024:13:19:25 +0530] "GET /individual_entry_form HTTP/1.1" 404 305
::1 - - [29/Oct/2024:13:19:25 +0530] "GET /individual_entry_form HTTP/1.1" 404 305
::1 - - [29/Oct/2024:13:19:29 +0530] "GET /individual_entry_form HTTP/1.1" 404 509
::1 - - [29/Oct/2024:13:19:30 +0530] "GET /individual_entry_form HTTP/1.1" 404 509
::1 - - [29/Oct/2024:13:19:31 +0530] "GET /individual_entry_form HTTP/1.1" 404 509
::1 - - [29/Oct/2024:13:19:31 +0530] "GET /individual_entry_form HTTP/1.1" 404 509
::1 - - [29/Oct/2024:13:19:32 +0530] "GET /individual_entry_form HTTP/1.1" 404 509
::1 - - [29/Oct/2024:13:19:42 +0530] "GET /individual_entry_form HTTP/1.1" 200 5815
::1 - - [29/Oct/2024:13:19:48 +0530] "GET /individual_entry_form/1 HTTP/1.1" 500 642
::1 - - [29/Oct/2024:13:20:20 +0530] "GET /individual_entry_form/1 HTTP/1.1" 500 642
::1 - - [29/Oct/2024:13:20:21 +0530] "GET /individual_entry_form/1 HTTP/1.1" 500 642
::1 - - [29/Oct/2024:13:20:21 +0530] "GET /individual_entry_form/1 HTTP/1.1" 500 642
::1 - - [29/Oct/2024:13:20:21 +0530] "GET /individual_entry_form/1 HTTP/1.1" 500 642
::1 - - [29/Oct/2024:13:20:21 +0530] "GET /individual_entry_form/1 HTTP/1.1" 500 642
::1 - - [29/Oct/2024:13:20:35 +0530] "GET /individual_entry_form/1 HTTP/1.1" 404 305
::1 - - [29/Oct/2024:13:20:36 +0530] "GET /individual_entry_form/1 HTTP/1.1" 404 305
::1 - - [29/Oct/2024:13:20:36 +0530] "GET /individual_entry_form/1 HTTP/1.1" 404 305
::1 - - [29/Oct/2024:13:20:36 +0530] "GET /individual_entry_form/1 HTTP/1.1" 404 305
::1 - - [29/Oct/2024:13:20:43 +0530] "GET /individual_entry_form HTTP/1.1" 404 305
::1 - - [29/Oct/2024:13:20:43 +0530] "GET /individual_entry_form HTTP/1.1" 404 305
::1 - - [29/Oct/2024:13:21:05 +0530] "GET /individual_entry_form HTTP/1.1" 200 -
::1 - - [29/Oct/2024:13:22:47 +0530] "GET /individual_entry_form HTTP/1.1" 500 642
::1 - - [29/Oct/2024:13:22:48 +0530] "GET /individual_entry_form HTTP/1.1" 500 642
::1 - - [29/Oct/2024:13:22:48 +0530] "GET /individual_entry_form HTTP/1.1" 500 642
::1 - - [29/Oct/2024:13:22:49 +0530] "GET /individual_entry_form HTTP/1.1" 500 642
::1 - - [29/Oct/2024:13:22:51 +0530] "GET /individual_entry_form.php HTTP/1.1" 500 642
::1 - - [29/Oct/2024:13:22:51 +0530] "GET /individual_entry_form.php HTTP/1.1" 500 642
::1 - - [29/Oct/2024:13:23:56 +0530] "GET /individual_entry_form.php HTTP/1.1" 200 -
::1 - - [29/Oct/2024:13:23:59 +0530] "GET /individual_entry_form HTTP/1.1" 200 -
::1 - - [29/Oct/2024:13:23:59 +0530] "GET /individual_entry_form HTTP/1.1" 200 -
::1 - - [29/Oct/2024:13:24:01 +0530] "GET /individual_entry_form HTTP/1.1" 200 -
::1 - - [29/Oct/2024:13:24:11 +0530] "GET /individual_entry_form/1 HTTP/1.1" 500 642
::1 - - [29/Oct/2024:13:24:19 +0530] "GET /individual_entry_form.php/1 HTTP/1.1" 200 -
::1 - - [29/Oct/2024:13:24:20 +0530] "GET /individual_entry_form.php/1 HTTP/1.1" 200 -
::1 - - [29/Oct/2024:13:24:25 +0530] "GET /individual_entry_form HTTP/1.1" 200 -
::1 - - [29/Oct/2024:13:24:25 +0530] "GET /individual_entry_form HTTP/1.1" 200 -
::1 - - [29/Oct/2024:13:24:41 +0530] "GET /individual_entry_form HTTP/1.1" 200 5815
::1 - - [29/Oct/2024:13:24:45 +0530] "GET /individual_entry_form/1 HTTP/1.1" 500 642
::1 - - [29/Oct/2024:13:24:45 +0530] "GET /individual_entry_form/1 HTTP/1.1" 500 642
::1 - - [29/Oct/2024:13:26:32 +0530] "GET /individual_entry_form/1 HTTP/1.1" 500 642
::1 - - [29/Oct/2024:13:26:33 +0530] "GET /individual_entry_form/1 HTTP/1.1" 500 642
::1 - - [29/Oct/2024:13:26:33 +0530] "GET /individual_entry_form/1 HTTP/1.1" 500 642
::1 - - [29/Oct/2024:13:26:44 +0530] "GET /individual_entry_form/1 HTTP/1.1" 500 642
127.0.0.1 - - [29/Oct/2024:13:27:09 +0530] "GET /individual_entry_form/1 HTTP/1.1" 500 642
127.0.0.1 - - [29/Oct/2024:13:27:17 +0530] "GET /individual_entry_form HTTP/1.1" 200 5815
127.0.0.1 - - [29/Oct/2024:13:27:17 +0530] "GET /individual_entry_form HTTP/1.1" 200 5815
::1 - - [29/Oct/2024:13:28:24 +0530] "GET /individual_entry_form/1 HTTP/1.1" 200 5714
::1 - - [29/Oct/2024:13:28:24 +0530] "GET /individual_entry_form/jquery/jquery.min.js HTTP/1.1" 500 642
::1 - - [29/Oct/2024:13:28:24 +0530] "GET /individual_entry_form/datatable/dataTable.bootstrap.min.css HTTP/1.1" 500 642
::1 - - [29/Oct/2024:13:28:24 +0530] "GET /individual_entry_form/bootstrap/css/bootstrap.min.css HTTP/1.1" 500 642
::1 - - [29/Oct/2024:13:28:24 +0530] "GET /individual_entry_form/1 HTTP/1.1" 200 5714
::1 - - [29/Oct/2024:13:28:24 +0530] "GET /individual_entry_form/datatable/jquery.dataTables.min.js HTTP/1.1" 500 642
::1 - - [29/Oct/2024:13:28:24 +0530] "GET /individual_entry_form/bootstrap/js/bootstrap.min.js HTTP/1.1" 500 642
::1 - - [29/Oct/2024:13:28:24 +0530] "GET /individual_entry_form/datatable/dataTable.bootstrap.min.js HTTP/1.1" 500 642
::1 - - [29/Oct/2024:13:28:24 +0530] "GET /individual_entry_form/bootstrap/css/bootstrap.min.css HTTP/1.1" 500 642
::1 - - [29/Oct/2024:13:28:24 +0530] "GET /individual_entry_form/datatable/dataTable.bootstrap.min.css HTTP/1.1" 500 642
::1 - - [29/Oct/2024:13:28:24 +0530] "GET /individual_entry_form/jquery/jquery.min.js HTTP/1.1" 500 642
::1 - - [29/Oct/2024:13:29:00 +0530] "GET /individual_entry_form/1 HTTP/1.1" 200 5714
::1 - - [29/Oct/2024:13:29:00 +0530] "GET /individual_entry_form/bootstrap/css/bootstrap.min.css HTTP/1.1" 500 642
::1 - - [29/Oct/2024:13:29:00 +0530] "GET /individual_entry_form/datatable/dataTable.bootstrap.min.css HTTP/1.1" 500 642
::1 - - [29/Oct/2024:13:29:00 +0530] "GET /individual_entry_form/bootstrap/js/bootstrap.min.js HTTP/1.1" 500 642
::1 - - [29/Oct/2024:13:29:00 +0530] "GET /individual_entry_form/datatable/jquery.dataTables.min.js HTTP/1.1" 500 642
::1 - - [29/Oct/2024:13:29:00 +0530] "GET /individual_entry_form/datatable/dataTable.bootstrap.min.js HTTP/1.1" 500 642
::1 - - [29/Oct/2024:13:29:00 +0530] "GET /individual_entry_form/jquery/jquery.min.js HTTP/1.1" 500 642
::1 - - [29/Oct/2024:13:29:03 +0530] "GET /individual_entry_form HTTP/1.1" 200 5815
::1 - - [29/Oct/2024:13:29:03 +0530] "GET /individual_entry_form HTTP/1.1" 200 5815
::1 - - [29/Oct/2024:13:29:15 +0530] "GET /individual_entry_form HTTP/1.1" 500 642
::1 - - [29/Oct/2024:13:29:17 +0530] "GET /individual_entry_form HTTP/1.1" 500 642
::1 - - [29/Oct/2024:13:29:17 +0530] "GET /individual_entry_form HTTP/1.1" 500 642
::1 - - [29/Oct/2024:13:29:27 +0530] "GET /individual_entry_form HTTP/1.1" 200 5815
::1 - - [29/Oct/2024:13:29:29 +0530] "GET /individual_entry_form/1 HTTP/1.1" 200 5714
::1 - - [29/Oct/2024:13:29:29 +0530] "GET /individual_entry_form/bootstrap/css/bootstrap.min.css HTTP/1.1" 500 642
::1 - - [29/Oct/2024:13:29:29 +0530] "GET /individual_entry_form/datatable/dataTable.bootstrap.min.css HTTP/1.1" 500 642
::1 - - [29/Oct/2024:13:29:29 +0530] "GET /individual_entry_form/jquery/jquery.min.js HTTP/1.1" 500 642
::1 - - [29/Oct/2024:13:29:30 +0530] "GET /individual_entry_form/bootstrap/js/bootstrap.min.js HTTP/1.1" 500 642
::1 - - [29/Oct/2024:13:29:30 +0530] "GET /individual_entry_form/datatable/jquery.dataTables.min.js HTTP/1.1" 500 642
::1 - - [29/Oct/2024:13:29:30 +0530] "GET /individual_entry_form/datatable/dataTable.bootstrap.min.js HTTP/1.1" 500 642
::1 - - [29/Oct/2024:13:29:30 +0530] "GET /individual_entry_form/1 HTTP/1.1" 200 5714
::1 - - [29/Oct/2024:13:29:30 +0530] "GET /individual_entry_form/bootstrap/css/bootstrap.min.css HTTP/1.1" 500 642
::1 - - [29/Oct/2024:13:29:30 +0530] "GET /individual_entry_form/bootstrap/js/bootstrap.min.js HTTP/1.1" 500 642
::1 - - [29/Oct/2024:13:29:30 +0530] "GET /individual_entry_form/datatable/jquery.dataTables.min.js HTTP/1.1" 500 642
::1 - - [29/Oct/2024:13:29:30 +0530] "GET /individual_entry_form/datatable/dataTable.bootstrap.min.js HTTP/1.1" 500 642
::1 - - [29/Oct/2024:13:29:30 +0530] "GET /individual_entry_form/jquery/jquery.min.js HTTP/1.1" 500 642
::1 - - [29/Oct/2024:13:29:30 +0530] "GET /individual_entry_form/datatable/dataTable.bootstrap.min.css HTTP/1.1" 500 642
::1 - - [29/Oct/2024:13:29:40 +0530] "GET /individual_entry_form/1 HTTP/1.1" 200 5714
::1 - - [29/Oct/2024:13:29:41 +0530] "GET /individual_entry_form/bootstrap/css/bootstrap.min.css HTTP/1.1" 500 642
::1 - - [29/Oct/2024:13:29:41 +0530] "GET /individual_entry_form/datatable/dataTable.bootstrap.min.css HTTP/1.1" 500 642
::1 - - [29/Oct/2024:13:29:41 +0530] "GET /individual_entry_form/jquery/jquery.min.js HTTP/1.1" 500 642
::1 - - [29/Oct/2024:13:29:41 +0530] "GET /individual_entry_form/datatable/jquery.dataTables.min.js HTTP/1.1" 500 642
::1 - - [29/Oct/2024:13:29:41 +0530] "GET /individual_entry_form/bootstrap/js/bootstrap.min.js HTTP/1.1" 500 642
::1 - - [29/Oct/2024:13:29:41 +0530] "GET /individual_entry_form/datatable/dataTable.bootstrap.min.js HTTP/1.1" 500 642
::1 - - [29/Oct/2024:13:29:44 +0530] "GET /individual_entry_form/0 HTTP/1.1" 200 5714
::1 - - [29/Oct/2024:13:29:44 +0530] "GET /individual_entry_form/bootstrap/css/bootstrap.min.css HTTP/1.1" 500 642
::1 - - [29/Oct/2024:13:29:44 +0530] "GET /individual_entry_form/datatable/dataTable.bootstrap.min.css HTTP/1.1" 500 642
::1 - - [29/Oct/2024:13:29:44 +0530] "GET /individual_entry_form/jquery/jquery.min.js HTTP/1.1" 500 642
::1 - - [29/Oct/2024:13:29:44 +0530] "GET /individual_entry_form/bootstrap/js/bootstrap.min.js HTTP/1.1" 500 642
::1 - - [29/Oct/2024:13:29:44 +0530] "GET /individual_entry_form/datatable/jquery.dataTables.min.js HTTP/1.1" 500 642
::1 - - [29/Oct/2024:13:29:44 +0530] "GET /individual_entry_form/datatable/dataTable.bootstrap.min.js HTTP/1.1" 500 642
::1 - - [29/Oct/2024:13:29:46 +0530] "GET /individual_entry_form HTTP/1.1" 200 5815
::1 - - [29/Oct/2024:13:29:46 +0530] "GET /individual_entry_form HTTP/1.1" 200 5815
::1 - - [29/Oct/2024:13:30:20 +0530] "GET /individual_entry_form/1 HTTP/1.1" 200 5714
::1 - - [29/Oct/2024:13:30:20 +0530] "GET /individual_entry_form/bootstrap/css/bootstrap.min.css HTTP/1.1" 500 642
::1 - - [29/Oct/2024:13:30:20 +0530] "GET /individual_entry_form/datatable/dataTable.bootstrap.min.css HTTP/1.1" 500 642
::1 - - [29/Oct/2024:13:30:20 +0530] "GET /individual_entry_form/jquery/jquery.min.js HTTP/1.1" 500 642
::1 - - [29/Oct/2024:13:30:20 +0530] "GET /individual_entry_form/datatable/jquery.dataTables.min.js HTTP/1.1" 500 642
::1 - - [29/Oct/2024:13:30:20 +0530] "GET /individual_entry_form/bootstrap/js/bootstrap.min.js HTTP/1.1" 500 642
::1 - - [29/Oct/2024:13:30:20 +0530] "GET /individual_entry_form/datatable/dataTable.bootstrap.min.js HTTP/1.1" 500 642
::1 - - [29/Oct/2024:13:30:20 +0530] "GET /individual_entry_form/1/1 HTTP/1.1" 500 642
::1 - - [29/Oct/2024:13:30:23 +0530] "GET /individual_entry_form HTTP/1.1" 200 5815
::1 - - [29/Oct/2024:13:30:23 +0530] "GET /individual_entry_form HTTP/1.1" 200 5815
::1 - - [29/Oct/2024:13:31:06 +0530] "GET /individual_entry_form/1 HTTP/1.1" 200 5714
::1 - - [29/Oct/2024:13:31:06 +0530] "GET /individual_entry_form/1 HTTP/1.1" 200 5714
::1 - - [29/Oct/2024:13:31:06 +0530] "GET /individual_entry_form/bootstrap/css/bootstrap.min.css HTTP/1.1" 500 642
::1 - - [29/Oct/2024:13:31:06 +0530] "GET /individual_entry_form/datatable/dataTable.bootstrap.min.css HTTP/1.1" 500 642
::1 - - [29/Oct/2024:13:31:06 +0530] "GET /individual_entry_form/jquery/jquery.min.js HTTP/1.1" 500 642
::1 - - [29/Oct/2024:13:31:06 +0530] "GET /individual_entry_form/bootstrap/js/bootstrap.min.js HTTP/1.1" 500 642
::1 - - [29/Oct/2024:13:31:06 +0530] "GET /individual_entry_form/jquery/jquery.min.js HTTP/1.1" 500 642
::1 - - [29/Oct/2024:13:31:06 +0530] "GET /individual_entry_form/datatable/dataTable.bootstrap.min.css HTTP/1.1" 500 642
::1 - - [29/Oct/2024:13:31:06 +0530] "GET /individual_entry_form/datatable/jquery.dataTables.min.js HTTP/1.1" 500 642
::1 - - [29/Oct/2024:13:31:06 +0530] "GET /individual_entry_form/datatable/dataTable.bootstrap.min.js HTTP/1.1" 500 642
::1 - - [29/Oct/2024:13:31:06 +0530] "GET /individual_entry_form/bootstrap/css/bootstrap.min.css HTTP/1.1" 500 642
::1 - - [29/Oct/2024:13:31:21 +0530] "GET /individual_entry_form/1 HTTP/1.1" 200 5715
::1 - - [29/Oct/2024:13:31:21 +0530] "GET /individual_entry_form/bootstrap/css/bootstrap.min.css HTTP/1.1" 500 642
::1 - - [29/Oct/2024:13:31:21 +0530] "GET /individual_entry_form/datatable/dataTable.bootstrap.min.css HTTP/1.1" 500 642
::1 - - [29/Oct/2024:13:31:22 +0530] "GET /individual_entry_form/jquery/jquery.min.js HTTP/1.1" 500 642
::1 - - [29/Oct/2024:13:31:22 +0530] "GET /individual_entry_form/bootstrap/js/bootstrap.min.js HTTP/1.1" 500 642
::1 - - [29/Oct/2024:13:31:22 +0530] "GET /individual_entry_form/datatable/jquery.dataTables.min.js HTTP/1.1" 500 642
::1 - - [29/Oct/2024:13:31:22 +0530] "GET /individual_entry_form/datatable/dataTable.bootstrap.min.js HTTP/1.1" 500 642
::1 - - [29/Oct/2024:13:31:23 +0530] "GET /individual_entry_form.php HTTP/1.1" 404 509
::1 - - [29/Oct/2024:13:31:31 +0530] "GET /individual_entry_form.php HTTP/1.1" 404 509
::1 - - [29/Oct/2024:13:31:32 +0530] "GET /individual_entry_form/1 HTTP/1.1" 200 5711
::1 - - [29/Oct/2024:13:31:32 +0530] "GET /individual_entry_form/datatable/dataTable.bootstrap.min.css HTTP/1.1" 500 642
::1 - - [29/Oct/2024:13:31:32 +0530] "GET /individual_entry_form/bootstrap/css/bootstrap.min.css HTTP/1.1" 500 642
::1 - - [29/Oct/2024:13:31:34 +0530] "GET /individual_entry_form HTTP/1.1" 200 5815
::1 - - [29/Oct/2024:13:32:16 +0530] "GET /individual_entry_form HTTP/1.1" 200 5767
::1 - - [29/Oct/2024:13:32:30 +0530] "GET /individual_entry_form HTTP/1.1" 200 5759
::1 - - [29/Oct/2024:13:32:34 +0530] "GET /individual_entry_form HTTP/1.1" 200 5759
::1 - - [29/Oct/2024:13:32:34 +0530] "GET /bootstrap/css/bootstrap.min.css HTTP/1.1" 200 121200
::1 - - [29/Oct/2024:13:32:34 +0530] "GET /datatable/dataTable.bootstrap.min.css HTTP/1.1" 200 4187
::1 - - [29/Oct/2024:13:32:34 +0530] "GET /datatable/dataTable.bootstrap.min.js HTTP/1.1" 200 1972
::1 - - [29/Oct/2024:13:32:34 +0530] "GET /bootstrap/js/bootstrap.min.js HTTP/1.1" 200 37045
::1 - - [29/Oct/2024:13:32:34 +0530] "GET /datatable/jquery.dataTables.min.js HTTP/1.1" 200 83433
::1 - - [29/Oct/2024:13:32:34 +0530] "GET /bootstrap/fonts/glyphicons-halflings-regular.woff2 HTTP/1.1" 200 18028
::1 - - [29/Oct/2024:13:32:34 +0530] "GET /jquery/jquery.min.js HTTP/1.1" 200 86927
::1 - - [29/Oct/2024:13:32:34 +0530] "GET /favicon.ico HTTP/1.1" 500 642
::1 - - [29/Oct/2024:13:32:49 +0530] "GET /individual_entry_form HTTP/1.1" 200 5935
::1 - - [29/Oct/2024:13:32:50 +0530] "GET /favicon.ico HTTP/1.1" 500 642
::1 - - [29/Oct/2024:13:32:52 +0530] "GET /individual_entry_form/1 HTTP/1.1" 200 5711
::1 - - [29/Oct/2024:13:32:52 +0530] "GET /individual_entry_form/bootstrap/css/bootstrap.min.css HTTP/1.1" 500 642
::1 - - [29/Oct/2024:13:32:52 +0530] "GET /individual_entry_form/datatable/dataTable.bootstrap.min.css HTTP/1.1" 500 642
::1 - - [29/Oct/2024:13:32:52 +0530] "GET /individual_entry_form/bootstrap/js/bootstrap.min.js HTTP/1.1" 500 642
::1 - - [29/Oct/2024:13:32:52 +0530] "GET /individual_entry_form/jquery/jquery.min.js HTTP/1.1" 500 642
::1 - - [29/Oct/2024:13:32:52 +0530] "GET /individual_entry_form/datatable/jquery.dataTables.min.js HTTP/1.1" 500 642
::1 - - [29/Oct/2024:13:32:52 +0530] "GET /individual_entry_form/datatable/dataTable.bootstrap.min.js HTTP/1.1" 500 642
::1 - - [29/Oct/2024:13:32:52 +0530] "GET /favicon.ico HTTP/1.1" 500 642
::1 - - [29/Oct/2024:13:32:54 +0530] "GET /individual_entry_form HTTP/1.1" 200 5935
::1 - - [29/Oct/2024:13:32:54 +0530] "GET /favicon.ico HTTP/1.1" 500 642
::1 - - [29/Oct/2024:13:32:55 +0530] "GET /individual_entry_form/1 HTTP/1.1" 200 5711
::1 - - [29/Oct/2024:13:32:55 +0530] "GET /individual_entry_form/bootstrap/css/bootstrap.min.css HTTP/1.1" 500 642
::1 - - [29/Oct/2024:13:32:55 +0530] "GET /individual_entry_form/datatable/dataTable.bootstrap.min.css HTTP/1.1" 500 642
::1 - - [29/Oct/2024:13:32:55 +0530] "GET /individual_entry_form/jquery/jquery.min.js HTTP/1.1" 500 642
::1 - - [29/Oct/2024:13:32:55 +0530] "GET /individual_entry_form/datatable/jquery.dataTables.min.js HTTP/1.1" 500 642
::1 - - [29/Oct/2024:13:32:55 +0530] "GET /individual_entry_form/bootstrap/js/bootstrap.min.js HTTP/1.1" 500 642
::1 - - [29/Oct/2024:13:32:55 +0530] "GET /individual_entry_form/datatable/dataTable.bootstrap.min.js HTTP/1.1" 500 642
::1 - - [29/Oct/2024:13:32:55 +0530] "GET /favicon.ico HTTP/1.1" 500 642
::1 - - [29/Oct/2024:13:32:57 +0530] "GET /individual_entry_form HTTP/1.1" 200 5935
::1 - - [29/Oct/2024:13:32:57 +0530] "GET /favicon.ico HTTP/1.1" 500 642
::1 - - [29/Oct/2024:13:33:19 +0530] "GET /individual_entry_form/1 HTTP/1.1" 200 5711
::1 - - [29/Oct/2024:13:33:19 +0530] "GET /individual_entry_form/bootstrap/css/bootstrap.min.css HTTP/1.1" 500 642
::1 - - [29/Oct/2024:13:33:19 +0530] "GET /individual_entry_form/bootstrap/js/bootstrap.min.js HTTP/1.1" 500 642
::1 - - [29/Oct/2024:13:33:19 +0530] "GET /individual_entry_form/jquery/jquery.min.js HTTP/1.1" 500 642
::1 - - [29/Oct/2024:13:33:19 +0530] "GET /individual_entry_form/datatable/dataTable.bootstrap.min.js HTTP/1.1" 500 642
::1 - - [29/Oct/2024:13:33:19 +0530] "GET /individual_entry_form/datatable/jquery.dataTables.min.js HTTP/1.1" 500 642
::1 - - [29/Oct/2024:13:33:19 +0530] "GET /individual_entry_form/datatable/dataTable.bootstrap.min.css HTTP/1.1" 500 642
::1 - - [29/Oct/2024:13:33:19 +0530] "GET /favicon.ico HTTP/1.1" 500 642
::1 - - [29/Oct/2024:13:33:21 +0530] "GET /individual_entry_form/1 HTTP/1.1" 200 5711
::1 - - [29/Oct/2024:13:33:21 +0530] "GET /favicon.ico HTTP/1.1" 500 642
::1 - - [29/Oct/2024:13:34:15 +0530] "GET /individual_entry_form/1 HTTP/1.1" 200 455
::1 - - [29/Oct/2024:13:34:15 +0530] "GET /individual_entry_form/bootstrap/css/bootstrap.min.css HTTP/1.1" 500 642
::1 - - [29/Oct/2024:13:34:15 +0530] "GET /individual_entry_form/datatable/dataTable.bootstrap.min.css HTTP/1.1" 500 642
::1 - - [29/Oct/2024:13:34:15 +0530] "GET /favicon.ico HTTP/1.1" 500 642
::1 - - [29/Oct/2024:13:34:24 +0530] "GET /individual_entry_form/1 HTTP/1.1" 200 455
::1 - - [29/Oct/2024:13:34:24 +0530] "GET /individual_entry_form/bootstrap/css/bootstrap.min.css HTTP/1.1" 500 642
::1 - - [29/Oct/2024:13:34:24 +0530] "GET /individual_entry_form/datatable/dataTable.bootstrap.min.css HTTP/1.1" 500 642
::1 - - [29/Oct/2024:13:34:25 +0530] "GET /favicon.ico HTTP/1.1" 500 642
::1 - - [29/Oct/2024:13:34:35 +0530] "GET /individual_entry_form/1 HTTP/1.1" 200 607
::1 - - [29/Oct/2024:13:34:35 +0530] "GET /individual_entry_form/bootstrap/css/bootstrap.min.css HTTP/1.1" 500 642
::1 - - [29/Oct/2024:13:34:35 +0530] "GET /individual_entry_form/datatable/dataTable.bootstrap.min.css HTTP/1.1" 500 642
::1 - - [29/Oct/2024:13:34:36 +0530] "GET /favicon.ico HTTP/1.1" 500 642
::1 - - [29/Oct/2024:13:35:05 +0530] "GET /individual_entry_form/1 HTTP/1.1" 200 614
::1 - - [29/Oct/2024:13:35:05 +0530] "GET /individual_entry_form/bootstrap/css/bootstrap.min.css HTTP/1.1" 500 642
::1 - - [29/Oct/2024:13:35:05 +0530] "GET /individual_entry_form/datatable/dataTable.bootstrap.min.css HTTP/1.1" 500 642
::1 - - [29/Oct/2024:13:35:05 +0530] "GET /favicon.ico HTTP/1.1" 500 642
::1 - - [29/Oct/2024:13:35:11 +0530] "GET /individual_entry_form/1 HTTP/1.1" 200 476
::1 - - [29/Oct/2024:13:35:11 +0530] "GET /individual_entry_form/bootstrap/css/bootstrap.min.css HTTP/1.1" 500 642
::1 - - [29/Oct/2024:13:35:11 +0530] "GET /individual_entry_form/datatable/dataTable.bootstrap.min.css HTTP/1.1" 500 642
::1 - - [29/Oct/2024:13:35:11 +0530] "GET /favicon.ico HTTP/1.1" 500 642
::1 - - [29/Oct/2024:13:35:16 +0530] "GET /individual_entry_form/1 HTTP/1.1" 200 456
::1 - - [29/Oct/2024:13:35:16 +0530] "GET /individual_entry_form/bootstrap/css/bootstrap.min.css HTTP/1.1" 500 642
::1 - - [29/Oct/2024:13:35:16 +0530] "GET /individual_entry_form/datatable/dataTable.bootstrap.min.css HTTP/1.1" 500 642
::1 - - [29/Oct/2024:13:35:16 +0530] "GET /favicon.ico HTTP/1.1" 500 642
::1 - - [29/Oct/2024:13:36:17 +0530] "GET /individual_entry_form/1 HTTP/1.1" 200 5837
::1 - - [29/Oct/2024:13:36:17 +0530] "GET /individual_entry_form/datatable/dataTable.bootstrap.min.css HTTP/1.1" 500 642
::1 - - [29/Oct/2024:13:36:17 +0530] "GET /individual_entry_form/bootstrap/css/bootstrap.min.css HTTP/1.1" 500 642
::1 - - [29/Oct/2024:13:36:17 +0530] "GET /individual_entry_form/jquery/jquery.min.js HTTP/1.1" 500 642
::1 - - [29/Oct/2024:13:36:17 +0530] "GET /individual_entry_form/datatable/dataTable.bootstrap.min.js HTTP/1.1" 500 642
::1 - - [29/Oct/2024:13:36:17 +0530] "GET /individual_entry_form/datatable/jquery.dataTables.min.js HTTP/1.1" 500 642
::1 - - [29/Oct/2024:13:36:17 +0530] "GET /individual_entry_form/bootstrap/js/bootstrap.min.js HTTP/1.1" 500 642
::1 - - [29/Oct/2024:13:36:17 +0530] "GET /favicon.ico HTTP/1.1" 500 642
::1 - - [29/Oct/2024:13:36:23 +0530] "GET /individual_entry_form/0 HTTP/1.1" 302 455
::1 - - [29/Oct/2024:13:36:23 +0530] "GET /individual_entry_form/individual_entry_form.php HTTP/1.1" 500 642
::1 - - [29/Oct/2024:13:36:23 +0530] "GET /favicon.ico HTTP/1.1" 500 642
::1 - - [29/Oct/2024:13:36:59 +0530] "GET /individual_entry_form/1 HTTP/1.1" 200 5892
::1 - - [29/Oct/2024:13:36:59 +0530] "GET /individual_entry_form/datatable/dataTable.bootstrap.min.css HTTP/1.1" 500 642
::1 - - [29/Oct/2024:13:36:59 +0530] "GET /favicon.ico HTTP/1.1" 500 642
::1 - - [29/Oct/2024:13:37:02 +0530] "GET /individual_entry_form/0 HTTP/1.1" 302 455
::1 - - [29/Oct/2024:13:37:02 +0530] "GET /individual_entry_form HTTP/1.1" 200 6126
::1 - - [29/Oct/2024:13:37:03 +0530] "GET /favicon.ico HTTP/1.1" 500 642
::1 - - [29/Oct/2024:13:37:21 +0530] "GET /individual_entry_form HTTP/1.1" 200 5935
::1 - - [29/Oct/2024:13:37:21 +0530] "GET /favicon.ico HTTP/1.1" 500 642
::1 - - [29/Oct/2024:13:37:22 +0530] "GET /individual_entry_form/1 HTTP/1.1" 200 5837
::1 - - [29/Oct/2024:13:37:22 +0530] "GET /individual_entry_form/bootstrap/css/bootstrap.min.css HTTP/1.1" 500 642
::1 - - [29/Oct/2024:13:37:22 +0530] "GET /individual_entry_form/datatable/dataTable.bootstrap.min.css HTTP/1.1" 500 642
::1 - - [29/Oct/2024:13:37:23 +0530] "GET /individual_entry_form/jquery/jquery.min.js HTTP/1.1" 500 642
::1 - - [29/Oct/2024:13:37:23 +0530] "GET /individual_entry_form/bootstrap/js/bootstrap.min.js HTTP/1.1" 500 642
::1 - - [29/Oct/2024:13:37:23 +0530] "GET /individual_entry_form/datatable/dataTable.bootstrap.min.js HTTP/1.1" 500 642
::1 - - [29/Oct/2024:13:37:23 +0530] "GET /individual_entry_form/datatable/jquery.dataTables.min.js HTTP/1.1" 500 642
::1 - - [29/Oct/2024:13:37:23 +0530] "GET /favicon.ico HTTP/1.1" 500 642
::1 - - [29/Oct/2024:13:37:25 +0530] "GET /individual_entry_form/0 HTTP/1.1" 200 5714
::1 - - [29/Oct/2024:13:37:25 +0530] "GET /individual_entry_form/jquery/jquery.min.js HTTP/1.1" 500 642
::1 - - [29/Oct/2024:13:37:25 +0530] "GET /individual_entry_form/bootstrap/css/bootstrap.min.css HTTP/1.1" 500 642
::1 - - [29/Oct/2024:13:37:25 +0530] "GET /individual_entry_form/datatable/dataTable.bootstrap.min.css HTTP/1.1" 500 642
::1 - - [29/Oct/2024:13:37:26 +0530] "GET /individual_entry_form/0 HTTP/1.1" 200 5714
::1 - - [29/Oct/2024:13:37:26 +0530] "GET /individual_entry_form/bootstrap/js/bootstrap.min.js HTTP/1.1" 500 642
::1 - - [29/Oct/2024:13:37:26 +0530] "GET /individual_entry_form/datatable/jquery.dataTables.min.js HTTP/1.1" 500 642
::1 - - [29/Oct/2024:13:37:26 +0530] "GET /individual_entry_form/datatable/dataTable.bootstrap.min.js HTTP/1.1" 500 642
::1 - - [29/Oct/2024:13:37:26 +0530] "GET /individual_entry_form/bootstrap/css/bootstrap.min.css HTTP/1.1" 500 642
::1 - - [29/Oct/2024:13:37:26 +0530] "GET /individual_entry_form/datatable/dataTable.bootstrap.min.js HTTP/1.1" 500 642
::1 - - [29/Oct/2024:13:37:26 +0530] "GET /individual_entry_form/jquery/jquery.min.js HTTP/1.1" 500 642
::1 - - [29/Oct/2024:13:37:26 +0530] "GET /individual_entry_form/bootstrap/js/bootstrap.min.js HTTP/1.1" 500 642
::1 - - [29/Oct/2024:13:37:26 +0530] "GET /individual_entry_form/datatable/jquery.dataTables.min.js HTTP/1.1" 500 642
::1 - - [29/Oct/2024:13:37:26 +0530] "GET /individual_entry_form/datatable/dataTable.bootstrap.min.css HTTP/1.1" 500 642
::1 - - [29/Oct/2024:13:37:26 +0530] "GET /favicon.ico HTTP/1.1" 500 642
::1 - - [29/Oct/2024:13:37:30 +0530] "GET /individual_entry_form/25 HTTP/1.1" 302 455
::1 - - [29/Oct/2024:13:37:30 +0530] "GET /individual_entry_form HTTP/1.1" 200 6126
::1 - - [29/Oct/2024:13:37:30 +0530] "GET /favicon.ico HTTP/1.1" 500 642
::1 - - [29/Oct/2024:13:39:18 +0530] "GET /individual_entry_form/1 HTTP/1.1" 200 5837
::1 - - [29/Oct/2024:13:39:18 +0530] "GET /individual_entry_form/datatable/dataTable.bootstrap.min.css HTTP/1.1" 500 642
::1 - - [29/Oct/2024:13:39:18 +0530] "GET /individual_entry_form/jquery/jquery.min.js HTTP/1.1" 500 642
::1 - - [29/Oct/2024:13:39:18 +0530] "GET /individual_entry_form/bootstrap/js/bootstrap.min.js HTTP/1.1" 500 642
::1 - - [29/Oct/2024:13:39:18 +0530] "GET /individual_entry_form/datatable/jquery.dataTables.min.js HTTP/1.1" 500 642
::1 - - [29/Oct/2024:13:39:18 +0530] "GET /individual_entry_form/datatable/dataTable.bootstrap.min.js HTTP/1.1" 500 642
::1 - - [29/Oct/2024:13:39:18 +0530] "GET /individual_entry_form/bootstrap/css/bootstrap.min.css HTTP/1.1" 500 642
::1 - - [29/Oct/2024:13:39:18 +0530] "GET /favicon.ico HTTP/1.1" 500 642
::1 - - [29/Oct/2024:13:39:50 +0530] "GET /individual_entry_form/1 HTTP/1.1" 200 6236
::1 - - [29/Oct/2024:13:39:50 +0530] "GET /individual_entry_form/bootstrap/css/bootstrap.min.css HTTP/1.1" 500 642
::1 - - [29/Oct/2024:13:39:50 +0530] "GET /individual_entry_form/datatable/dataTable.bootstrap.min.css HTTP/1.1" 500 642
::1 - - [29/Oct/2024:13:39:50 +0530] "GET /individual_entry_form/jquery/jquery.min.js HTTP/1.1" 500 642
::1 - - [29/Oct/2024:13:39:50 +0530] "GET /individual_entry_form/datatable/jquery.dataTables.min.js HTTP/1.1" 500 642
::1 - - [29/Oct/2024:13:39:50 +0530] "GET /individual_entry_form/datatable/dataTable.bootstrap.min.js HTTP/1.1" 500 642
::1 - - [29/Oct/2024:13:39:50 +0530] "GET /individual_entry_form/bootstrap/js/bootstrap.min.js HTTP/1.1" 500 642
::1 - - [29/Oct/2024:13:39:50 +0530] "GET /individual_entry_form/jquery/jquery.min.js HTTP/1.1" 500 642
::1 - - [29/Oct/2024:13:39:50 +0530] "GET /individual_entry_form/bootstrap/js/bootstrap.min.js HTTP/1.1" 500 642
::1 - - [29/Oct/2024:13:39:50 +0530] "GET /favicon.ico HTTP/1.1" 500 642
::1 - - [29/Oct/2024:13:39:51 +0530] "GET /individual_entry_form/1 HTTP/1.1" 200 6236
::1 - - [29/Oct/2024:13:39:51 +0530] "GET /individual_entry_form/datatable/dataTable.bootstrap.min.css HTTP/1.1" 500 642
::1 - - [29/Oct/2024:13:39:51 +0530] "GET /individual_entry_form/bootstrap/css/bootstrap.min.css HTTP/1.1" 500 642
::1 - - [29/Oct/2024:13:39:51 +0530] "GET /individual_entry_form/bootstrap/js/bootstrap.min.js HTTP/1.1" 500 642
::1 - - [29/Oct/2024:13:39:51 +0530] "GET /individual_entry_form/datatable/jquery.dataTables.min.js HTTP/1.1" 500 642
::1 - - [29/Oct/2024:13:39:51 +0530] "GET /individual_entry_form/datatable/dataTable.bootstrap.min.js HTTP/1.1" 500 642
::1 - - [29/Oct/2024:13:39:51 +0530] "GET /individual_entry_form/1 HTTP/1.1" 200 6236
::1 - - [29/Oct/2024:13:39:51 +0530] "GET /individual_entry_form/jquery/jquery.min.js HTTP/1.1" 500 642
::1 - - [29/Oct/2024:13:39:51 +0530] "GET /individual_entry_form/bootstrap/css/bootstrap.min.css HTTP/1.1" 500 642
::1 - - [29/Oct/2024:13:39:51 +0530] "GET /individual_entry_form/jquery/jquery.min.js HTTP/1.1" 500 642
::1 - - [29/Oct/2024:13:39:51 +0530] "GET /individual_entry_form/datatable/jquery.dataTables.min.js HTTP/1.1" 500 642
::1 - - [29/Oct/2024:13:39:51 +0530] "GET /individual_entry_form/datatable/dataTable.bootstrap.min.js HTTP/1.1" 500 642
::1 - - [29/Oct/2024:13:39:51 +0530] "GET /individual_entry_form/bootstrap/js/bootstrap.min.js HTTP/1.1" 500 642
::1 - - [29/Oct/2024:13:39:51 +0530] "GET /individual_entry_form/datatable/dataTable.bootstrap.min.css HTTP/1.1" 500 642
::1 - - [29/Oct/2024:13:39:51 +0530] "GET /individual_entry_form/jquery/jquery.min.js HTTP/1.1" 500 642
::1 - - [29/Oct/2024:13:39:51 +0530] "GET /individual_entry_form/bootstrap/js/bootstrap.min.js HTTP/1.1" 500 642
::1 - - [29/Oct/2024:13:39:51 +0530] "GET /favicon.ico HTTP/1.1" 500 642
::1 - - [29/Oct/2024:13:39:51 +0530] "GET /individual_entry_form/1 HTTP/1.1" 200 6236
::1 - - [29/Oct/2024:13:39:52 +0530] "GET /individual_entry_form/bootstrap/css/bootstrap.min.css HTTP/1.1" 500 642
::1 - - [29/Oct/2024:13:39:52 +0530] "GET /individual_entry_form/datatable/dataTable.bootstrap.min.css HTTP/1.1" 500 642
::1 - - [29/Oct/2024:13:39:52 +0530] "GET /individual_entry_form/bootstrap/js/bootstrap.min.js HTTP/1.1" 500 642
::1 - - [29/Oct/2024:13:39:52 +0530] "GET /individual_entry_form/jquery/jquery.min.js HTTP/1.1" 500 642
::1 - - [29/Oct/2024:13:39:52 +0530] "GET /individual_entry_form/1 HTTP/1.1" 200 6236
::1 - - [29/Oct/2024:13:39:52 +0530] "GET /individual_entry_form/datatable/dataTable.bootstrap.min.js HTTP/1.1" 500 642
::1 - - [29/Oct/2024:13:39:52 +0530] "GET /individual_entry_form/datatable/jquery.dataTables.min.js HTTP/1.1" 500 642
::1 - - [29/Oct/2024:13:39:52 +0530] "GET /individual_entry_form/bootstrap/css/bootstrap.min.css HTTP/1.1" 500 642
::1 - - [29/Oct/2024:13:39:52 +0530] "GET /individual_entry_form/datatable/dataTable.bootstrap.min.js HTTP/1.1" 500 642
::1 - - [29/Oct/2024:13:39:52 +0530] "GET /individual_entry_form/bootstrap/js/bootstrap.min.js HTTP/1.1" 500 642
::1 - - [29/Oct/2024:13:39:52 +0530] "GET /individual_entry_form/jquery/jquery.min.js HTTP/1.1" 500 642
::1 - - [29/Oct/2024:13:39:52 +0530] "GET /individual_entry_form/datatable/jquery.dataTables.min.js HTTP/1.1" 500 642
::1 - - [29/Oct/2024:13:39:52 +0530] "GET /individual_entry_form/datatable/dataTable.bootstrap.min.css HTTP/1.1" 500 642
::1 - - [29/Oct/2024:13:39:52 +0530] "GET /individual_entry_form/jquery/jquery.min.js HTTP/1.1" 500 642
::1 - - [29/Oct/2024:13:39:52 +0530] "GET /individual_entry_form/bootstrap/js/bootstrap.min.js HTTP/1.1" 500 642
::1 - - [29/Oct/2024:13:39:52 +0530] "GET /favicon.ico HTTP/1.1" 500 642
::1 - - [29/Oct/2024:13:40:00 +0530] "GET /individual_entry_form/1 HTTP/1.1" 200 6032
::1 - - [29/Oct/2024:13:40:00 +0530] "GET /individual_entry_form/bootstrap/css/bootstrap.min.css HTTP/1.1" 500 642
::1 - - [29/Oct/2024:13:40:00 +0530] "GET /individual_entry_form/datatable/dataTable.bootstrap.min.css HTTP/1.1" 500 642
::1 - - [29/Oct/2024:13:40:00 +0530] "GET /individual_entry_form/datatable/dataTable.bootstrap.min.js HTTP/1.1" 500 642
::1 - - [29/Oct/2024:13:40:00 +0530] "GET /individual_entry_form/jquery/jquery.min.js HTTP/1.1" 500 642
::1 - - [29/Oct/2024:13:40:00 +0530] "GET /individual_entry_form/datatable/jquery.dataTables.min.js HTTP/1.1" 500 642
::1 - - [29/Oct/2024:13:40:00 +0530] "GET /individual_entry_form/bootstrap/js/bootstrap.min.js HTTP/1.1" 500 642
::1 - - [29/Oct/2024:13:40:00 +0530] "GET /individual_entry_form/jquery/jquery.min.js HTTP/1.1" 500 642
::1 - - [29/Oct/2024:13:40:00 +0530] "GET /individual_entry_form/bootstrap/js/bootstrap.min.js HTTP/1.1" 500 642
::1 - - [29/Oct/2024:13:40:00 +0530] "GET /favicon.ico HTTP/1.1" 500 642
::1 - - [29/Oct/2024:13:41:00 +0530] "GET /individual_entry_form/1 HTTP/1.1" 200 5849
::1 - - [29/Oct/2024:13:41:00 +0530] "GET /individual_entry_form/datatable/dataTable.bootstrap.min.css HTTP/1.1" 500 642
::1 - - [29/Oct/2024:13:41:00 +0530] "GET /individual_entry_form/jquery/jquery.min.js HTTP/1.1" 500 642
::1 - - [29/Oct/2024:13:41:00 +0530] "GET /individual_entry_form/bootstrap/js/bootstrap.min.js HTTP/1.1" 500 642
::1 - - [29/Oct/2024:13:41:00 +0530] "GET /individual_entry_form/bootstrap/css/bootstrap.min.css HTTP/1.1" 500 642
::1 - - [29/Oct/2024:13:41:00 +0530] "GET /individual_entry_form/datatable/dataTable.bootstrap.min.js HTTP/1.1" 500 642
::1 - - [29/Oct/2024:13:41:00 +0530] "GET /individual_entry_form/datatable/jquery.dataTables.min.js HTTP/1.1" 500 642
::1 - - [29/Oct/2024:13:41:00 +0530] "GET /favicon.ico HTTP/1.1" 500 642
::1 - - [29/Oct/2024:13:42:03 +0530] "GET /individual_entry_form HTTP/1.1" 200 5931
::1 - - [29/Oct/2024:13:42:03 +0530] "GET /favicon.ico HTTP/1.1" 500 642
::1 - - [29/Oct/2024:13:42:05 +0530] "GET /individual_entry_form HTTP/1.1" 200 5931
::1 - - [29/Oct/2024:13:42:05 +0530] "GET /favicon.ico HTTP/1.1" 500 642
::1 - - [29/Oct/2024:13:42:06 +0530] "GET /individual_entry_form/1 HTTP/1.1" 200 5849
::1 - - [29/Oct/2024:13:42:06 +0530] "GET /individual_entry_form/datatable/dataTable.bootstrap.min.css HTTP/1.1" 500 642
::1 - - [29/Oct/2024:13:42:06 +0530] "GET /individual_entry_form/bootstrap/css/bootstrap.min.css HTTP/1.1" 500 642
::1 - - [29/Oct/2024:13:42:06 +0530] "GET /favicon.ico HTTP/1.1" 500 642
::1 - - [29/Oct/2024:13:42:41 +0530] "GET /individual_entry_form HTTP/1.1" 200 5931
::1 - - [29/Oct/2024:13:42:41 +0530] "GET /favicon.ico HTTP/1.1" 500 642
::1 - - [29/Oct/2024:13:43:41 +0530] "GET /individual_entry_form HTTP/1.1" 200 5937
::1 - - [29/Oct/2024:13:43:41 +0530] "GET /favicon.ico HTTP/1.1" 500 642
::1 - - [29/Oct/2024:13:43:47 +0530] "GET /individual_entry_form HTTP/1.1" 200 5931
::1 - - [29/Oct/2024:13:43:47 +0530] "GET /favicon.ico HTTP/1.1" 500 642
::1 - - [29/Oct/2024:13:43:58 +0530] "GET /individual_entry_form HTTP/1.1" 200 5931
::1 - - [29/Oct/2024:13:43:58 +0530] "GET /favicon.ico HTTP/1.1" 500 642
::1 - - [29/Oct/2024:13:44:11 +0530] "GET /individual_entry_form HTTP/1.1" 200 5955
::1 - - [29/Oct/2024:13:44:12 +0530] "GET /favicon.ico HTTP/1.1" 500 642
::1 - - [29/Oct/2024:13:44:39 +0530] "GET /individual_entry_form/1 HTTP/1.1" 200 5849
::1 - - [29/Oct/2024:13:44:39 +0530] "GET /individual_entry_form/bootstrap/css/bootstrap.min.css HTTP/1.1" 500 642
::1 - - [29/Oct/2024:13:44:39 +0530] "GET /individual_entry_form/jquery/jquery.min.js HTTP/1.1" 500 642
::1 - - [29/Oct/2024:13:44:39 +0530] "GET /individual_entry_form/datatable/dataTable.bootstrap.min.css HTTP/1.1" 500 642
::1 - - [29/Oct/2024:13:44:39 +0530] "GET /individual_entry_form/datatable/dataTable.bootstrap.min.js HTTP/1.1" 500 642
::1 - - [29/Oct/2024:13:44:39 +0530] "GET /individual_entry_form/bootstrap/js/bootstrap.min.js HTTP/1.1" 500 642
::1 - - [29/Oct/2024:13:44:39 +0530] "GET /individual_entry_form/datatable/jquery.dataTables.min.js HTTP/1.1" 500 642
::1 - - [29/Oct/2024:13:44:40 +0530] "GET /favicon.ico HTTP/1.1" 500 642
::1 - - [29/Oct/2024:13:44:48 +0530] "GET /individual_entry_form HTTP/1.1" 200 5955
::1 - - [29/Oct/2024:13:44:48 +0530] "GET /favicon.ico HTTP/1.1" 500 642
::1 - - [29/Oct/2024:13:44:50 +0530] "GET /individual_entry_form/1 HTTP/1.1" 200 5849
::1 - - [29/Oct/2024:13:44:50 +0530] "GET /individual_entry_form/bootstrap/css/bootstrap.min.css HTTP/1.1" 500 642
::1 - - [29/Oct/2024:13:44:50 +0530] "GET /individual_entry_form/datatable/dataTable.bootstrap.min.css HTTP/1.1" 500 642
::1 - - [29/Oct/2024:13:44:50 +0530] "GET /individual_entry_form/jquery/jquery.min.js HTTP/1.1" 500 642
::1 - - [29/Oct/2024:13:44:50 +0530] "GET /individual_entry_form/bootstrap/js/bootstrap.min.js HTTP/1.1" 500 642
::1 - - [29/Oct/2024:13:44:50 +0530] "GET /individual_entry_form/datatable/jquery.dataTables.min.js HTTP/1.1" 500 642
::1 - - [29/Oct/2024:13:44:50 +0530] "GET /individual_entry_form/datatable/dataTable.bootstrap.min.js HTTP/1.1" 500 642
::1 - - [29/Oct/2024:13:44:50 +0530] "GET /favicon.ico HTTP/1.1" 500 642
::1 - - [29/Oct/2024:13:44:51 +0530] "GET /individual_entry_form HTTP/1.1" 200 5955
::1 - - [29/Oct/2024:13:44:52 +0530] "GET /favicon.ico HTTP/1.1" 500 642
::1 - - [29/Oct/2024:13:52:38 +0530] "GET /individual_entry_form/1 HTTP/1.1" 200 5890
::1 - - [29/Oct/2024:13:52:38 +0530] "GET /individual_entry_form/bootstrap/css/bootstrap.min.css HTTP/1.1" 500 642
::1 - - [29/Oct/2024:13:52:38 +0530] "GET /individual_entry_form/bootstrap/js/bootstrap.min.js HTTP/1.1" 500 642
::1 - - [29/Oct/2024:13:52:38 +0530] "GET /individual_entry_form/datatable/dataTable.bootstrap.min.js HTTP/1.1" 500 642
::1 - - [29/Oct/2024:13:52:38 +0530] "GET /individual_entry_form/datatable/jquery.dataTables.min.js HTTP/1.1" 500 642
::1 - - [29/Oct/2024:13:52:38 +0530] "GET /individual_entry_form/datatable/dataTable.bootstrap.min.css HTTP/1.1" 500 642
::1 - - [29/Oct/2024:13:52:38 +0530] "GET /individual_entry_form/jquery/jquery.min.js HTTP/1.1" 500 642
::1 - - [29/Oct/2024:13:52:38 +0530] "GET /favicon.ico HTTP/1.1" 500 642
::1 - - [29/Oct/2024:13:55:57 +0530] "GET /individual_entry_form/1 HTTP/1.1" 200 5863
::1 - - [29/Oct/2024:13:55:57 +0530] "GET /individual_entry_form/bootstrap/css/bootstrap.min.css HTTP/1.1" 500 642
::1 - - [29/Oct/2024:13:55:57 +0530] "GET /individual_entry_form/datatable/dataTable.bootstrap.min.css HTTP/1.1" 500 642
::1 - - [29/Oct/2024:13:55:57 +0530] "GET /individual_entry_form/bootstrap/js/bootstrap.min.js HTTP/1.1" 500 642
::1 - - [29/Oct/2024:13:55:57 +0530] "GET /individual_entry_form/datatable/dataTable.bootstrap.min.js HTTP/1.1" 500 642
::1 - - [29/Oct/2024:13:55:57 +0530] "GET /individual_entry_form/jquery/jquery.min.js HTTP/1.1" 500 642
::1 - - [29/Oct/2024:13:55:57 +0530] "GET /individual_entry_form/datatable/jquery.dataTables.min.js HTTP/1.1" 500 642
::1 - - [29/Oct/2024:13:55:57 +0530] "GET /favicon.ico HTTP/1.1" 500 642
::1 - - [29/Oct/2024:13:55:58 +0530] "GET /individual_entry_form/1 HTTP/1.1" 200 5863
::1 - - [29/Oct/2024:13:55:58 +0530] "GET /individual_entry_form/bootstrap/css/bootstrap.min.css HTTP/1.1" 500 642
::1 - - [29/Oct/2024:13:55:58 +0530] "GET /individual_entry_form/datatable/dataTable.bootstrap.min.css HTTP/1.1" 500 642
::1 - - [29/Oct/2024:13:55:58 +0530] "GET /individual_entry_form/jquery/jquery.min.js HTTP/1.1" 500 642
::1 - - [29/Oct/2024:13:55:58 +0530] "GET /individual_entry_form/datatable/jquery.dataTables.min.js HTTP/1.1" 500 642
::1 - - [29/Oct/2024:13:55:58 +0530] "GET /individual_entry_form/bootstrap/js/bootstrap.min.js HTTP/1.1" 500 642
::1 - - [29/Oct/2024:13:55:58 +0530] "GET /individual_entry_form/datatable/dataTable.bootstrap.min.js HTTP/1.1" 500 642
::1 - - [29/Oct/2024:13:55:58 +0530] "GET /individual_entry_form/1 HTTP/1.1" 200 5863
::1 - - [29/Oct/2024:13:55:58 +0530] "GET /individual_entry_form/bootstrap/css/bootstrap.min.css HTTP/1.1" 500 642
::1 - - [29/Oct/2024:13:55:58 +0530] "GET /individual_entry_form/datatable/dataTable.bootstrap.min.css HTTP/1.1" 500 642
::1 - - [29/Oct/2024:13:55:58 +0530] "GET /individual_entry_form/jquery/jquery.min.js HTTP/1.1" 500 642
::1 - - [29/Oct/2024:13:55:58 +0530] "GET /individual_entry_form/bootstrap/js/bootstrap.min.js HTTP/1.1" 500 642
::1 - - [29/Oct/2024:13:55:58 +0530] "GET /individual_entry_form/datatable/dataTable.bootstrap.min.js HTTP/1.1" 500 642
::1 - - [29/Oct/2024:13:55:58 +0530] "GET /individual_entry_form/1 HTTP/1.1" 200 5863
::1 - - [29/Oct/2024:13:55:58 +0530] "GET /individual_entry_form/datatable/jquery.dataTables.min.js HTTP/1.1" 500 642
::1 - - [29/Oct/2024:13:55:58 +0530] "GET /individual_entry_form/bootstrap/css/bootstrap.min.css HTTP/1.1" 500 642
::1 - - [29/Oct/2024:13:55:58 +0530] "GET /individual_entry_form/datatable/dataTable.bootstrap.min.css HTTP/1.1" 500 642
::1 - - [29/Oct/2024:13:55:58 +0530] "GET /individual_entry_form/datatable/jquery.dataTables.min.js HTTP/1.1" 500 642
::1 - - [29/Oct/2024:13:55:58 +0530] "GET /individual_entry_form/jquery/jquery.min.js HTTP/1.1" 500 642
::1 - - [29/Oct/2024:13:55:58 +0530] "GET /individual_entry_form/1 HTTP/1.1" 200 5863
::1 - - [29/Oct/2024:13:55:58 +0530] "GET /individual_entry_form/bootstrap/js/bootstrap.min.js HTTP/1.1" 500 642
::1 - - [29/Oct/2024:13:55:58 +0530] "GET /individual_entry_form/bootstrap/css/bootstrap.min.css HTTP/1.1" 500 642
::1 - - [29/Oct/2024:13:55:58 +0530] "GET /individual_entry_form/bootstrap/js/bootstrap.min.js HTTP/1.1" 500 642
::1 - - [29/Oct/2024:13:55:58 +0530] "GET /individual_entry_form/datatable/dataTable.bootstrap.min.js HTTP/1.1" 500 642
::1 - - [29/Oct/2024:13:55:58 +0530] "GET /individual_entry_form/datatable/dataTable.bootstrap.min.js HTTP/1.1" 500 642
::1 - - [29/Oct/2024:13:55:58 +0530] "GET /individual_entry_form/jquery/jquery.min.js HTTP/1.1" 500 642
::1 - - [29/Oct/2024:13:55:58 +0530] "GET /individual_entry_form/datatable/jquery.dataTables.min.js HTTP/1.1" 500 642
::1 - - [29/Oct/2024:13:55:58 +0530] "GET /individual_entry_form/datatable/dataTable.bootstrap.min.css HTTP/1.1" 500 642
::1 - - [29/Oct/2024:13:55:58 +0530] "GET /individual_entry_form/1 HTTP/1.1" 200 5863
::1 - - [29/Oct/2024:13:55:58 +0530] "GET /individual_entry_form/1 HTTP/1.1" 200 5863
::1 - - [29/Oct/2024:13:55:58 +0530] "GET /individual_entry_form/bootstrap/css/bootstrap.min.css HTTP/1.1" 500 642
::1 - - [29/Oct/2024:13:55:58 +0530] "GET /individual_entry_form/datatable/dataTable.bootstrap.min.js HTTP/1.1" 500 642
::1 - - [29/Oct/2024:13:55:58 +0530] "GET /individual_entry_form/datatable/dataTable.bootstrap.min.css HTTP/1.1" 500 642
::1 - - [29/Oct/2024:13:55:58 +0530] "GET /individual_entry_form/datatable/dataTable.bootstrap.min.js HTTP/1.1" 500 642
::1 - - [29/Oct/2024:13:55:58 +0530] "GET /individual_entry_form/datatable/jquery.dataTables.min.js HTTP/1.1" 500 642
::1 - - [29/Oct/2024:13:55:58 +0530] "GET /individual_entry_form/datatable/dataTable.bootstrap.min.css HTTP/1.1" 500 642
::1 - - [29/Oct/2024:13:55:58 +0530] "GET /individual_entry_form/jquery/jquery.min.js HTTP/1.1" 500 642
::1 - - [29/Oct/2024:13:55:58 +0530] "GET /individual_entry_form/bootstrap/js/bootstrap.min.js HTTP/1.1" 500 642
::1 - - [29/Oct/2024:13:55:58 +0530] "GET /individual_entry_form/bootstrap/css/bootstrap.min.css HTTP/1.1" 500 642
::1 - - [29/Oct/2024:13:55:58 +0530] "GET /individual_entry_form/1 HTTP/1.1" 200 5863
::1 - - [29/Oct/2024:13:55:59 +0530] "GET /individual_entry_form/bootstrap/css/bootstrap.min.css HTTP/1.1" 500 642
::1 - - [29/Oct/2024:13:55:59 +0530] "GET /individual_entry_form/datatable/dataTable.bootstrap.min.css HTTP/1.1" 500 642
::1 - - [29/Oct/2024:13:55:59 +0530] "GET /individual_entry_form/jquery/jquery.min.js HTTP/1.1" 500 642
::1 - - [29/Oct/2024:13:55:59 +0530] "GET /individual_entry_form/bootstrap/js/bootstrap.min.js HTTP/1.1" 500 642
::1 - - [29/Oct/2024:13:55:59 +0530] "GET /individual_entry_form/datatable/jquery.dataTables.min.js HTTP/1.1" 500 642
::1 - - [29/Oct/2024:13:55:59 +0530] "GET /individual_entry_form/datatable/dataTable.bootstrap.min.js HTTP/1.1" 500 642
::1 - - [29/Oct/2024:13:55:59 +0530] "GET /individual_entry_form/1 HTTP/1.1" 200 5863
::1 - - [29/Oct/2024:13:55:59 +0530] "GET /individual_entry_form/bootstrap/css/bootstrap.min.css HTTP/1.1" 500 642
::1 - - [29/Oct/2024:13:55:59 +0530] "GET /individual_entry_form/jquery/jquery.min.js HTTP/1.1" 500 642
::1 - - [29/Oct/2024:13:55:59 +0530] "GET /individual_entry_form/datatable/jquery.dataTables.min.js HTTP/1.1" 500 642
::1 - - [29/Oct/2024:13:55:59 +0530] "GET /individual_entry_form/datatable/dataTable.bootstrap.min.js HTTP/1.1" 500 642
::1 - - [29/Oct/2024:13:55:59 +0530] "GET /individual_entry_form/1 HTTP/1.1" 200 5863
::1 - - [29/Oct/2024:13:55:59 +0530] "GET /individual_entry_form/datatable/dataTable.bootstrap.min.css HTTP/1.1" 500 642
::1 - - [29/Oct/2024:13:55:59 +0530] "GET /individual_entry_form/bootstrap/js/bootstrap.min.js HTTP/1.1" 500 642
::1 - - [29/Oct/2024:13:55:59 +0530] "GET /individual_entry_form/jquery/jquery.min.js HTTP/1.1" 500 642
::1 - - [29/Oct/2024:13:55:59 +0530] "GET /individual_entry_form/datatable/jquery.dataTables.min.js HTTP/1.1" 500 642
::1 - - [29/Oct/2024:13:55:59 +0530] "GET /individual_entry_form/bootstrap/js/bootstrap.min.js HTTP/1.1" 500 642
::1 - - [29/Oct/2024:13:55:59 +0530] "GET /individual_entry_form/bootstrap/css/bootstrap.min.css HTTP/1.1" 500 642
::1 - - [29/Oct/2024:13:55:59 +0530] "GET /individual_entry_form/datatable/dataTable.bootstrap.min.css HTTP/1.1" 500 642
::1 - - [29/Oct/2024:13:55:59 +0530] "GET /individual_entry_form/datatable/dataTable.bootstrap.min.js HTTP/1.1" 500 642
::1 - - [29/Oct/2024:13:55:59 +0530] "GET /individual_entry_form/1 HTTP/1.1" 200 5863
::1 - - [29/Oct/2024:13:55:59 +0530] "GET /individual_entry_form/bootstrap/css/bootstrap.min.css HTTP/1.1" 500 642
::1 - - [29/Oct/2024:13:55:59 +0530] "GET /individual_entry_form/datatable/dataTable.bootstrap.min.css HTTP/1.1" 500 642
::1 - - [29/Oct/2024:13:55:59 +0530] "GET /individual_entry_form/bootstrap/js/bootstrap.min.js HTTP/1.1" 500 642
::1 - - [29/Oct/2024:13:55:59 +0530] "GET /individual_entry_form/jquery/jquery.min.js HTTP/1.1" 500 642
::1 - - [29/Oct/2024:13:55:59 +0530] "GET /individual_entry_form/datatable/dataTable.bootstrap.min.js HTTP/1.1" 500 642
::1 - - [29/Oct/2024:13:55:59 +0530] "GET /individual_entry_form/1 HTTP/1.1" 200 5863
::1 - - [29/Oct/2024:13:55:59 +0530] "GET /individual_entry_form/datatable/jquery.dataTables.min.js HTTP/1.1" 500 642
::1 - - [29/Oct/2024:13:55:59 +0530] "GET /individual_entry_form/bootstrap/css/bootstrap.min.css HTTP/1.1" 500 642
::1 - - [29/Oct/2024:13:55:59 +0530] "GET /individual_entry_form/datatable/jquery.dataTables.min.js HTTP/1.1" 500 642
::1 - - [29/Oct/2024:13:55:59 +0530] "GET /individual_entry_form/datatable/dataTable.bootstrap.min.js HTTP/1.1" 500 642
::1 - - [29/Oct/2024:13:55:59 +0530] "GET /individual_entry_form/jquery/jquery.min.js HTTP/1.1" 500 642
::1 - - [29/Oct/2024:13:55:59 +0530] "GET /individual_entry_form/bootstrap/js/bootstrap.min.js HTTP/1.1" 500 642
::1 - - [29/Oct/2024:13:55:59 +0530] "GET /individual_entry_form/datatable/dataTable.bootstrap.min.css HTTP/1.1" 500 642
::1 - - [29/Oct/2024:13:55:59 +0530] "GET /individual_entry_form/1 HTTP/1.1" 200 5863
::1 - - [29/Oct/2024:13:55:59 +0530] "GET /individual_entry_form/bootstrap/css/bootstrap.min.css HTTP/1.1" 500 642
::1 - - [29/Oct/2024:13:55:59 +0530] "GET /individual_entry_form/datatable/dataTable.bootstrap.min.css HTTP/1.1" 500 642
::1 - - [29/Oct/2024:13:55:59 +0530] "GET /individual_entry_form/bootstrap/js/bootstrap.min.js HTTP/1.1" 500 642
::1 - - [29/Oct/2024:13:55:59 +0530] "GET /individual_entry_form/datatable/jquery.dataTables.min.js HTTP/1.1" 500 642
::1 - - [29/Oct/2024:13:55:59 +0530] "GET /individual_entry_form/datatable/dataTable.bootstrap.min.js HTTP/1.1" 500 642
::1 - - [29/Oct/2024:13:55:59 +0530] "GET /individual_entry_form/jquery/jquery.min.js HTTP/1.1" 500 642
::1 - - [29/Oct/2024:13:55:59 +0530] "GET /individual_entry_form/1 HTTP/1.1" 200 5863
::1 - - [29/Oct/2024:13:55:59 +0530] "GET /individual_entry_form/bootstrap/css/bootstrap.min.css HTTP/1.1" 500 642
::1 - - [29/Oct/2024:13:55:59 +0530] "GET /individual_entry_form/datatable/dataTable.bootstrap.min.css HTTP/1.1" 500 642
::1 - - [29/Oct/2024:13:55:59 +0530] "GET /individual_entry_form/bootstrap/js/bootstrap.min.js HTTP/1.1" 500 642
::1 - - [29/Oct/2024:13:55:59 +0530] "GET /individual_entry_form/datatable/jquery.dataTables.min.js HTTP/1.1" 500 642
::1 - - [29/Oct/2024:13:55:59 +0530] "GET /individual_entry_form/jquery/jquery.min.js HTTP/1.1" 500 642
::1 - - [29/Oct/2024:13:56:00 +0530] "GET /individual_entry_form/1 HTTP/1.1" 200 5863
::1 - - [29/Oct/2024:13:56:00 +0530] "GET /individual_entry_form/datatable/dataTable.bootstrap.min.js HTTP/1.1" 500 642
::1 - - [29/Oct/2024:13:56:00 +0530] "GET /individual_entry_form/bootstrap/css/bootstrap.min.css HTTP/1.1" 500 642
::1 - - [29/Oct/2024:13:56:00 +0530] "GET /individual_entry_form/jquery/jquery.min.js HTTP/1.1" 500 642
::1 - - [29/Oct/2024:13:56:00 +0530] "GET /individual_entry_form/datatable/dataTable.bootstrap.min.css HTTP/1.1" 500 642
::1 - - [29/Oct/2024:13:56:00 +0530] "GET /individual_entry_form/datatable/jquery.dataTables.min.js HTTP/1.1" 500 642
::1 - - [29/Oct/2024:13:56:00 +0530] "GET /individual_entry_form/bootstrap/js/bootstrap.min.js HTTP/1.1" 500 642
::1 - - [29/Oct/2024:13:56:00 +0530] "GET /individual_entry_form/datatable/dataTable.bootstrap.min.js HTTP/1.1" 500 642
::1 - - [29/Oct/2024:13:56:00 +0530] "GET /individual_entry_form/1 HTTP/1.1" 200 5863
::1 - - [29/Oct/2024:13:56:00 +0530] "GET /individual_entry_form/datatable/dataTable.bootstrap.min.css HTTP/1.1" 500 642
::1 - - [29/Oct/2024:13:56:00 +0530] "GET /individual_entry_form/bootstrap/js/bootstrap.min.js HTTP/1.1" 500 642
::1 - - [29/Oct/2024:13:56:00 +0530] "GET /individual_entry_form/jquery/jquery.min.js HTTP/1.1" 500 642
::1 - - [29/Oct/2024:13:56:00 +0530] "GET /individual_entry_form/datatable/dataTable.bootstrap.min.js HTTP/1.1" 500 642
::1 - - [29/Oct/2024:13:56:00 +0530] "GET /individual_entry_form/bootstrap/css/bootstrap.min.css HTTP/1.1" 500 642
::1 - - [29/Oct/2024:13:56:00 +0530] "GET /individual_entry_form/datatable/jquery.dataTables.min.js HTTP/1.1" 500 642
::1 - - [29/Oct/2024:13:56:00 +0530] "GET /favicon.ico HTTP/1.1" 500 642
::1 - - [29/Oct/2024:14:04:06 +0530] "GET /individual_entry_form/1 HTTP/1.1" 200 6096
::1 - - [29/Oct/2024:14:04:06 +0530] "GET /individual_entry_form/bootstrap/css/bootstrap.min.css HTTP/1.1" 500 642
::1 - - [29/Oct/2024:14:04:06 +0530] "GET /individual_entry_form/datatable/dataTable.bootstrap.min.css HTTP/1.1" 500 642
::1 - - [29/Oct/2024:14:04:06 +0530] "GET /individual_entry_form/bootstrap/js/bootstrap.min.js HTTP/1.1" 500 642
::1 - - [29/Oct/2024:14:04:06 +0530] "GET /individual_entry_form/jquery/jquery.min.js HTTP/1.1" 500 642
::1 - - [29/Oct/2024:14:04:06 +0530] "GET /individual_entry_form/datatable/dataTable.bootstrap.min.js HTTP/1.1" 500 642
::1 - - [29/Oct/2024:14:04:06 +0530] "GET /individual_entry_form/datatable/jquery.dataTables.min.js HTTP/1.1" 500 642
::1 - - [29/Oct/2024:14:04:06 +0530] "GET /favicon.ico HTTP/1.1" 500 642
::1 - - [29/Oct/2024:14:05:36 +0530] "GET /individual_entry_form/1 HTTP/1.1" 200 6096
::1 - - [29/Oct/2024:14:05:36 +0530] "GET /individual_entry_form/bootstrap/css/bootstrap.min.css HTTP/1.1" 500 642
::1 - - [29/Oct/2024:14:05:36 +0530] "GET /individual_entry_form/jquery/jquery.min.js HTTP/1.1" 500 642
::1 - - [29/Oct/2024:14:05:36 +0530] "GET /individual_entry_form/bootstrap/js/bootstrap.min.js HTTP/1.1" 500 642
::1 - - [29/Oct/2024:14:05:36 +0530] "GET /individual_entry_form/datatable/jquery.dataTables.min.js HTTP/1.1" 500 642
::1 - - [29/Oct/2024:14:05:36 +0530] "GET /individual_entry_form/datatable/dataTable.bootstrap.min.js HTTP/1.1" 500 642
::1 - - [29/Oct/2024:14:05:36 +0530] "GET /individual_entry_form/datatable/dataTable.bootstrap.min.css HTTP/1.1" 500 642
::1 - - [29/Oct/2024:14:05:36 +0530] "GET /favicon.ico HTTP/1.1" 500 642
::1 - - [29/Oct/2024:14:05:42 +0530] "GET /individual_entry_form/1 HTTP/1.1" 200 7627
::1 - - [29/Oct/2024:14:05:42 +0530] "GET /individual_entry_form/bootstrap/css/bootstrap.min.css HTTP/1.1" 500 642
::1 - - [29/Oct/2024:14:05:42 +0530] "GET /individual_entry_form/datatable/dataTable.bootstrap.min.css HTTP/1.1" 500 642
::1 - - [29/Oct/2024:14:05:42 +0530] "GET /individual_entry_form/datatable/dataTable.bootstrap.min.js HTTP/1.1" 500 642
::1 - - [29/Oct/2024:14:05:42 +0530] "GET /individual_entry_form/datatable/jquery.dataTables.min.js HTTP/1.1" 500 642
::1 - - [29/Oct/2024:14:05:42 +0530] "GET /individual_entry_form/bootstrap/js/bootstrap.min.js HTTP/1.1" 500 642
::1 - - [29/Oct/2024:14:05:42 +0530] "GET /individual_entry_form/jquery/jquery.min.js HTTP/1.1" 500 642
::1 - - [29/Oct/2024:14:05:42 +0530] "GET /favicon.ico HTTP/1.1" 500 642
::1 - - [29/Oct/2024:14:06:05 +0530] "GET /individual_entry_form/1 HTTP/1.1" 200 7246
::1 - - [29/Oct/2024:14:06:05 +0530] "GET /individual_entry_form/datatable/dataTable.bootstrap.min.css HTTP/1.1" 500 642
::1 - - [29/Oct/2024:14:06:05 +0530] "GET /individual_entry_form/jquery/jquery.min.js HTTP/1.1" 500 642
::1 - - [29/Oct/2024:14:06:05 +0530] "GET /individual_entry_form/bootstrap/css/bootstrap.min.css HTTP/1.1" 500 642
::1 - - [29/Oct/2024:14:06:05 +0530] "GET /individual_entry_form/bootstrap/js/bootstrap.min.js HTTP/1.1" 500 642
::1 - - [29/Oct/2024:14:06:05 +0530] "GET /individual_entry_form/datatable/jquery.dataTables.min.js HTTP/1.1" 500 642
::1 - - [29/Oct/2024:14:06:05 +0530] "GET /individual_entry_form/datatable/dataTable.bootstrap.min.js HTTP/1.1" 500 642
::1 - - [29/Oct/2024:14:06:05 +0530] "GET /favicon.ico HTTP/1.1" 500 642
::1 - - [29/Oct/2024:14:07:31 +0530] "GET /individual_entry_form/1 HTTP/1.1" 200 7246
::1 - - [29/Oct/2024:14:07:31 +0530] "GET /favicon.ico HTTP/1.1" 500 642
::1 - - [29/Oct/2024:14:07:48 +0530] "GET /individual_entry_form/bootstrap/css/bootstrap.min.css HTTP/1.1" 500 642
::1 - - [29/Oct/2024:14:07:48 +0530] "GET /favicon.ico HTTP/1.1" 500 642
::1 - - [29/Oct/2024:14:07:58 +0530] "GET /individual_entry_form HTTP/1.1" 200 5955
::1 - - [29/Oct/2024:14:07:58 +0530] "GET /favicon.ico HTTP/1.1" 500 642
::1 - - [29/Oct/2024:14:08:01 +0530] "GET /individual_entry_form HTTP/1.1" 200 5955
::1 - - [29/Oct/2024:14:08:02 +0530] "GET /favicon.ico HTTP/1.1" 500 642
::1 - - [29/Oct/2024:14:08:03 +0530] "GET /favicon.ico HTTP/1.1" 500 642
::1 - - [29/Oct/2024:14:08:31 +0530] "GET /individual_entry_form HTTP/1.1" 200 5961
::1 - - [29/Oct/2024:14:08:31 +0530] "GET /favicon.ico HTTP/1.1" 500 642
::1 - - [29/Oct/2024:14:08:32 +0530] "GET /favicon.ico HTTP/1.1" 500 642
::1 - - [29/Oct/2024:14:08:36 +0530] "GET /individual_entry_form HTTP/1.1" 200 5961
::1 - - [29/Oct/2024:14:08:36 +0530] "GET /favicon.ico HTTP/1.1" 500 642
::1 - - [29/Oct/2024:14:08:37 +0530] "GET /individual_entry_form/1 HTTP/1.1" 200 7252
::1 - - [29/Oct/2024:14:08:37 +0530] "GET /favicon.ico HTTP/1.1" 500 642
::1 - - [29/Oct/2024:14:10:26 +0530] "GET /individual_entry_form/1 HTTP/1.1" 200 8661
::1 - - [29/Oct/2024:14:10:27 +0530] "GET /favicon.ico HTTP/1.1" 500 642
::1 - - [29/Oct/2024:14:11:10 +0530] "GET /individual_entry_form/1 HTTP/1.1" 200 7668
::1 - - [29/Oct/2024:14:11:10 +0530] "GET /favicon.ico HTTP/1.1" 500 642
::1 - - [29/Oct/2024:14:11:12 +0530] "GET /favicon.ico HTTP/1.1" 500 642
::1 - - [29/Oct/2024:14:11:33 +0530] "GET /individual_entry_form/1 HTTP/1.1" 200 7639
::1 - - [29/Oct/2024:14:11:34 +0530] "GET /favicon.ico HTTP/1.1" 500 642
::1 - - [29/Oct/2024:14:11:39 +0530] "GET /individual_entry_form/1 HTTP/1.1" 200 7639
::1 - - [29/Oct/2024:14:11:39 +0530] "GET /individual_entry_form/1 HTTP/1.1" 200 7639
::1 - - [29/Oct/2024:14:11:40 +0530] "GET /favicon.ico HTTP/1.1" 500 642
::1 - - [29/Oct/2024:14:12:07 +0530] "GET /individual_entry_form/1 HTTP/1.1" 200 7809
::1 - - [29/Oct/2024:14:12:07 +0530] "GET /favicon.ico HTTP/1.1" 500 642
::1 - - [29/Oct/2024:14:17:08 +0530] "GET /individual_entry_form/1 HTTP/1.1" 200 7472
::1 - - [29/Oct/2024:14:17:08 +0530] "GET /favicon.ico HTTP/1.1" 500 642
::1 - - [29/Oct/2024:14:19:17 +0530] "GET /individual_entry_form/1 HTTP/1.1" 200 7624
::1 - - [29/Oct/2024:14:19:18 +0530] "GET /favicon.ico HTTP/1.1" 500 642
::1 - - [29/Oct/2024:14:19:24 +0530] "POST /individual_entry_form/1 HTTP/1.1" 200 7690
::1 - - [29/Oct/2024:14:19:25 +0530] "GET /favicon.ico HTTP/1.1" 500 642
::1 - - [29/Oct/2024:14:19:29 +0530] "GET /individual_entry_form HTTP/1.1" 200 5967
::1 - - [29/Oct/2024:14:19:29 +0530] "GET /favicon.ico HTTP/1.1" 500 642
::1 - - [29/Oct/2024:14:19:32 +0530] "GET /individual_entry_form/1 HTTP/1.1" 200 7624
::1 - - [29/Oct/2024:14:19:33 +0530] "GET /favicon.ico HTTP/1.1" 500 642
::1 - - [29/Oct/2024:14:20:05 +0530] "GET /individual_entry_form/0 HTTP/1.1" 200 7995
::1 - - [29/Oct/2024:14:20:06 +0530] "GET /individual_entry_form/0 HTTP/1.1" 200 7995
::1 - - [29/Oct/2024:14:20:06 +0530] "GET /favicon.ico HTTP/1.1" 500 642
::1 - - [29/Oct/2024:14:20:56 +0530] "GET /individual_entry_form/0 HTTP/1.1" 200 7500
::1 - - [29/Oct/2024:14:20:57 +0530] "GET /favicon.ico HTTP/1.1" 500 642
::1 - - [29/Oct/2024:14:21:19 +0530] "GET /individual_entry_form/1 HTTP/1.1" 200 7263
::1 - - [29/Oct/2024:14:21:20 +0530] "GET /individual_entry_form/1 HTTP/1.1" 200 7263
::1 - - [29/Oct/2024:14:21:20 +0530] "GET /favicon.ico HTTP/1.1" 500 642
::1 - - [29/Oct/2024:14:21:34 +0530] "GET /individual_entry_form/25 HTTP/1.1" 302 457
::1 - - [29/Oct/2024:14:21:34 +0530] "GET /individual_entry_form HTTP/1.1" 200 6158
::1 - - [29/Oct/2024:14:21:34 +0530] "GET /favicon.ico HTTP/1.1" 500 642
::1 - - [29/Oct/2024:14:21:37 +0530] "GET /individual_entry_form/1 HTTP/1.1" 200 7263
::1 - - [29/Oct/2024:14:21:37 +0530] "GET /favicon.ico HTTP/1.1" 500 642
::1 - - [29/Oct/2024:14:22:59 +0530] "GET /individual_entry_form/1 HTTP/1.1" 200 7284
::1 - - [29/Oct/2024:14:22:59 +0530] "GET /favicon.ico HTTP/1.1" 500 642
::1 - - [29/Oct/2024:14:23:01 +0530] "GET /individual_entry_form/1 HTTP/1.1" 200 7284
::1 - - [29/Oct/2024:14:23:02 +0530] "GET /favicon.ico HTTP/1.1" 500 642
::1 - - [29/Oct/2024:14:23:11 +0530] "GET /individual_entry_form/1 HTTP/1.1" 200 7284
::1 - - [29/Oct/2024:14:23:11 +0530] "GET /favicon.ico HTTP/1.1" 500 642
::1 - - [29/Oct/2024:14:23:43 +0530] "GET /individual_entry_form/1 HTTP/1.1" 200 461
::1 - - [29/Oct/2024:14:23:43 +0530] "GET /favicon.ico HTTP/1.1" 500 642
::1 - - [29/Oct/2024:14:23:47 +0530] "GET /individual_entry_form/0 HTTP/1.1" 200 461
::1 - - [29/Oct/2024:14:23:47 +0530] "GET /individual_entry_form/0 HTTP/1.1" 200 461
::1 - - [29/Oct/2024:14:23:47 +0530] "GET /favicon.ico HTTP/1.1" 500 642
::1 - - [29/Oct/2024:14:23:49 +0530] "GET /individual_entry_form/0 HTTP/1.1" 200 461
::1 - - [29/Oct/2024:14:23:49 +0530] "GET /favicon.ico HTTP/1.1" 500 642
::1 - - [29/Oct/2024:14:25:00 +0530] "GET /individual_entry_form/0 HTTP/1.1" 200 460
::1 - - [29/Oct/2024:14:25:01 +0530] "GET /favicon.ico HTTP/1.1" 500 642
::1 - - [29/Oct/2024:14:25:03 +0530] "GET /individual_entry_form/1 HTTP/1.1" 200 461
::1 - - [29/Oct/2024:14:25:03 +0530] "GET /individual_entry_form/1 HTTP/1.1" 200 461
::1 - - [29/Oct/2024:14:25:03 +0530] "GET /favicon.ico HTTP/1.1" 500 642
::1 - - [29/Oct/2024:14:25:06 +0530] "GET /individual_entry_form/0 HTTP/1.1" 200 460
::1 - - [29/Oct/2024:14:25:06 +0530] "GET /individual_entry_form/0 HTTP/1.1" 200 460
::1 - - [29/Oct/2024:14:25:06 +0530] "GET /favicon.ico HTTP/1.1" 500 642
::1 - - [29/Oct/2024:14:25:28 +0530] "GET /individual_entry_form/0 HTTP/1.1" 200 5774
::1 - - [29/Oct/2024:14:25:28 +0530] "GET /favicon.ico HTTP/1.1" 500 642
::1 - - [29/Oct/2024:14:25:33 +0530] "GET /individual_entry_form/1 HTTP/1.1" 200 7263
::1 - - [29/Oct/2024:14:25:33 +0530] "GET /individual_entry_form/1 HTTP/1.1" 200 7263
::1 - - [29/Oct/2024:14:25:33 +0530] "GET /favicon.ico HTTP/1.1" 500 642
::1 - - [29/Oct/2024:14:26:07 +0530] "GET /individual_entry_form/1 HTTP/1.1" 200 5296
::1 - - [29/Oct/2024:14:26:08 +0530] "GET /favicon.ico HTTP/1.1" 500 642
::1 - - [29/Oct/2024:14:26:23 +0530] "GET /individual_entry_form/1 HTTP/1.1" 200 7263
::1 - - [29/Oct/2024:14:26:23 +0530] "GET /favicon.ico HTTP/1.1" 500 642
::1 - - [29/Oct/2024:14:27:52 +0530] "GET /individual_entry_form/1 HTTP/1.1" 200 709
::1 - - [29/Oct/2024:14:27:52 +0530] "GET /favicon.ico HTTP/1.1" 500 642
::1 - - [29/Oct/2024:14:28:07 +0530] "GET /individual_entry_form/1 HTTP/1.1" 200 7392
::1 - - [29/Oct/2024:14:28:08 +0530] "GET /favicon.ico HTTP/1.1" 500 642
::1 - - [29/Oct/2024:14:32:00 +0530] "GET /individual_entry_form/1 HTTP/1.1" 200 7390
::1 - - [29/Oct/2024:14:32:00 +0530] "GET /favicon.ico HTTP/1.1" 500 642
::1 - - [29/Oct/2024:14:32:05 +0530] "GET /individual_entry_form HTTP/1.1" 200 5967
::1 - - [29/Oct/2024:14:32:06 +0530] "GET /favicon.ico HTTP/1.1" 500 642
::1 - - [29/Oct/2024:14:32:09 +0530] "GET /individual_entry_form/4 HTTP/1.1" 200 7401
::1 - - [29/Oct/2024:14:32:10 +0530] "GET /favicon.ico HTTP/1.1" 500 642
::1 - - [29/Oct/2024:14:32:18 +0530] "POST /individual_entry_form/4 HTTP/1.1" 200 997
::1 - - [29/Oct/2024:14:32:18 +0530] "GET /favicon.ico HTTP/1.1" 500 642
::1 - - [29/Oct/2024:14:34:53 +0530] "POST /individual_entry_form/4 HTTP/1.1" 200 7473
::1 - - [29/Oct/2024:14:34:53 +0530] "GET /favicon.ico HTTP/1.1" 500 642
::1 - - [29/Oct/2024:14:35:05 +0530] "POST /individual_entry_form/4 HTTP/1.1" 200 7473
::1 - - [29/Oct/2024:14:35:05 +0530] "GET /favicon.ico HTTP/1.1" 500 642
::1 - - [29/Oct/2024:14:35:10 +0530] "GET /individual_entry_form/4 HTTP/1.1" 200 7406
::1 - - [29/Oct/2024:14:35:10 +0530] "GET /favicon.ico HTTP/1.1" 500 642
